#
# There is insufficient memory for the Java Runtime Environment to continue.
# Native memory allocation (mmap) failed to map 65536 bytes for Failed to commit metaspace.
# Possible reasons:
#   The system is out of physical RAM or swap space
#   The process is running with CompressedOops enabled, and the Java Heap may be blocking the growth of the native heap
# Possible solutions:
#   Reduce memory load on the system
#   Increase physical memory or swap space
#   Check if swap backing store is full
#   Decrease Java heap size (-Xmx/-Xms)
#   Decrease number of Java threads
#   Decrease Java thread stack sizes (-Xss)
#   Set larger code cache with -XX:ReservedCodeCacheSize=
#   JVM is running with Zero Based Compressed Oops mode in which the Java heap is
#     placed in the first 32GB address space. The Java Heap base address is the
#     maximum limit for the native heap growth. Please use -XX:HeapBaseMinAddress
#     to set the Java Heap base and to place the Java Heap above 32GB virtual address.
# This output file may be truncated or incomplete.
#
#  Out of Memory Error (virtualSpaceNode.cpp:110), pid=9888, tid=11396
#
# JRE version: OpenJDK Runtime Environment (17.0.10) (build 17.0.10+0--11572160)
# Java VM: OpenJDK 64-Bit Server VM (17.0.10+0--11572160, mixed mode, tiered, compressed oops, compressed class ptrs, g1 gc, windows-amd64)
# No core dump will be written. Minidumps are not enabled by default on client versions of Windows
#

---------------  S U M M A R Y ------------

Command Line: org.jetbrains.kotlin.cli.jvm.K2JVMCompiler @C:\Users\mathe\AndroidStudioProjects\monitoramento\app\build\20240610_18309747850587849021.compiler.options

Host: Intel(R) Core(TM) i5-10500H CPU @ 2.50GHz, 12 cores, 15G,  Windows 11 , 64 bit Build 22621 (10.0.22621.3527)
Time: Mon Jun 10 19:56:37 2024 Hora oficial do Brasil elapsed time: 0.135756 seconds (0d 0h 0m 0s)

---------------  T H R E A D  ---------------

Current thread (0x000001db5968c0a0):  JavaThread "main" [_thread_in_vm, id=11396, stack(0x0000001adf500000,0x0000001adf600000)]

Stack: [0x0000001adf500000,0x0000001adf600000]
Native frames: (J=compiled Java code, j=interpreted, Vv=VM code, C=native code)
V  [jvm.dll+0x688e89]
V  [jvm.dll+0x84247a]
V  [jvm.dll+0x8440be]
V  [jvm.dll+0x844723]
V  [jvm.dll+0x24be0f]
V  [jvm.dll+0x83d45b]
V  [jvm.dll+0x62d4a6]
V  [jvm.dll+0x62d50a]
V  [jvm.dll+0x62fd3a]
V  [jvm.dll+0x62de46]
V  [jvm.dll+0x23facf]
V  [jvm.dll+0x637cf5]
V  [jvm.dll+0x1eeaab]
V  [jvm.dll+0x1eefe5]
V  [jvm.dll+0x1ef985]
V  [jvm.dll+0x1e4e1c]
V  [jvm.dll+0x54dd1c]
V  [jvm.dll+0x1f59bb]
V  [jvm.dll+0x7bac1b]
V  [jvm.dll+0x7bc08c]
V  [jvm.dll+0x7bc3d8]
V  [jvm.dll+0x24386e]
V  [jvm.dll+0x387e8e]
C  0x000001db640ab704

The last pc belongs to new (printed below).
Java frames: (J=compiled Java code, j=interpreted, Vv=VM code)
j  java.util.jar.Manifest.read(Ljava/io/InputStream;Ljava/lang/String;)V+0 java.base@17.0.10
j  java.util.jar.Manifest.<init>(Ljava/util/jar/JarVerifier;Ljava/io/InputStream;Ljava/lang/String;)V+29 java.base@17.0.10
j  java.util.jar.Manifest.<init>(Ljava/io/InputStream;Ljava/lang/String;)V+4 java.base@17.0.10
j  java.util.jar.JarFile.getManifestFromReference()Ljava/util/jar/Manifest;+143 java.base@17.0.10
j  java.util.jar.JarFile.getManifest()Ljava/util/jar/Manifest;+1 java.base@17.0.10
j  jdk.internal.loader.URLClassPath$JarLoader$2.getManifest()Ljava/util/jar/Manifest;+22 java.base@17.0.10
j  jdk.internal.loader.BuiltinClassLoader.defineClass(Ljava/lang/String;Ljdk/internal/loader/Resource;)Ljava/lang/Class;+29 java.base@17.0.10
j  jdk.internal.loader.BuiltinClassLoader.findClassOnClassPathOrNull(Ljava/lang/String;)Ljava/lang/Class;+37 java.base@17.0.10
j  jdk.internal.loader.BuiltinClassLoader.loadClassOrNull(Ljava/lang/String;Z)Ljava/lang/Class;+111 java.base@17.0.10
j  jdk.internal.loader.BuiltinClassLoader.loadClass(Ljava/lang/String;Z)Ljava/lang/Class;+3 java.base@17.0.10
j  jdk.internal.loader.ClassLoaders$AppClassLoader.loadClass(Ljava/lang/String;Z)Ljava/lang/Class;+36 java.base@17.0.10
j  java.lang.ClassLoader.loadClass(Ljava/lang/String;)Ljava/lang/Class;+3 java.base@17.0.10
v  ~StubRoutines::call_stub
j  java.lang.Class.forName0(Ljava/lang/String;ZLjava/lang/ClassLoader;Ljava/lang/Class;)Ljava/lang/Class;+0 java.base@17.0.10
j  java.lang.Class.forName(Ljava/lang/String;ZLjava/lang/ClassLoader;)Ljava/lang/Class;+43 java.base@17.0.10
j  sun.launcher.LauncherHelper.loadMainClass(ILjava/lang/String;)Ljava/lang/Class;+95 java.base@17.0.10
j  sun.launcher.LauncherHelper.checkAndLoadMain(ZILjava/lang/String;)Ljava/lang/Class;+42 java.base@17.0.10
v  ~StubRoutines::call_stub
new  187 new  [0x000001db640ab560, 0x000001db640ab780]  544 bytes
[MachCode]
  0x000001db640ab560: 4883 ec08 | c5fa 1104 | 24eb 1f48 | 83ec 10c5 | fb11 0424 | eb14 4883 | ec10 4889 | 0424 48c7 
  0x000001db640ab580: 4424 0800 | 0000 00eb | 0150 410f | b755 010f | cac1 ea10 | 488b 4de8 | 488b 4908 | 488b 4908 
  0x000001db640ab5a0: 488b 4108 | 807c 1004 | 070f 85df | 0000 0066 | 8b54 d148 | 488b 4928 | 488b 4cd1 | 0851 80b9 
  0x000001db640ab5c0: 5b01 0000 | 040f 85c2 | 0000 008b | 5108 f7c2 | 0100 0000 | 0f85 b300 | 0000 498b | 8708 0100 
  0x000001db640ab5e0: 0048 8d1c | 1049 3b9f | 1801 0000 | 0f87 9b00 | 0000 4989 | 9f08 0100 | 00e9 0000 | 0000 4883 
  0x000001db640ab600: ea10 0f84 | 0f00 0000 | 33c9 c1ea | 0348 894c | d008 48ff | ca75 f648 | c700 0100 | 0000 5933 
  0x000001db640ab620: f689 700c | 49ba 0000 | 0000 0800 | 0000 492b | ca89 4808 | 49ba 8939 | a3d5 fb7f | 0000 4180 
  0x000001db640ab640: 3a00 0f84 | 4000 0000 | 5048 8bc8 | 4883 ec20 | f7c4 0f00 | 0000 0f84 | 1a00 0000 | 4883 ec08 
  0x000001db640ab660: 49ba d0f3 | 58d5 fb7f | 0000 41ff | d248 83c4 | 08e9 0d00 | 0000 49ba | d0f3 58d5 | fb7f 0000 
  0x000001db640ab680: 41ff d248 | 83c4 2058 | e9cd 0000 | 0059 488b | 55e8 488b | 5208 488b | 5208 450f | b745 0141 
  0x000001db640ab6a0: 0fc8 41c1 | e810 e805 | 0000 00e9 | aa00 0000 | 488d 4424 | 084c 896d | c049 8bcf | c5f8 7749 
  0x000001db640ab6c0: 89af a802 | 0000 4989 | 8798 0200 | 0048 83ec | 20f7 c40f | 0000 000f | 841a 0000 | 0048 83ec 
  0x000001db640ab6e0: 0849 ba40 | 7e22 d5fb | 7f00 0041 | ffd2 4883 | c408 e90d | 0000 0049 | ba40 7e22 | d5fb 7f00 
  0x000001db640ab700: 0041 ffd2 | 4883 c420 | 49c7 8798 | 0200 0000 | 0000 0049 | c787 a802 | 0000 0000 | 0000 49c7 
  0x000001db640ab720: 87a0 0200 | 0000 0000 | 00c5 f877 | 4981 7f08 | 0000 0000 | 0f84 0500 | 0000 e9c1 | 57fe ff49 
  0x000001db640ab740: 8b87 f002 | 0000 49c7 | 87f0 0200 | 0000 0000 | 004c 8b6d | c04c 8b75 | c8c3 410f | b65d 0349 
  0x000001db640ab760: 83c5 0349 | ba80 a6a5 | d5fb 7f00 | 0041 ff24 | da0f 1f80 | 0000 0000 | 0000 0000 | 0000 0000 
[/MachCode]

---------------  P R O C E S S  ---------------

Threads class SMR info:
_java_thread_list=0x000001db7856ea90, length=13, elements={
0x000001db5968c0a0, 0x000001db784fc040, 0x000001db784fdbe0, 0x000001db78556830,
0x000001db785573f0, 0x000001db78557fb0, 0x000001db7855d9b0, 0x000001db78561c50,
0x000001db7856a710, 0x000001db7856e040, 0x000001db786dfcc0, 0x000001db786e1b20,
0x000001db78767570
}

Java Threads: ( => current thread )
=>0x000001db5968c0a0 JavaThread "main" [_thread_in_vm, id=11396, stack(0x0000001adf500000,0x0000001adf600000)]
  0x000001db784fc040 JavaThread "Reference Handler" daemon [_thread_blocked, id=11416, stack(0x0000001adfc00000,0x0000001adfd00000)]
  0x000001db784fdbe0 JavaThread "Finalizer" daemon [_thread_blocked, id=16572, stack(0x0000001adfd00000,0x0000001adfe00000)]
  0x000001db78556830 JavaThread "Signal Dispatcher" daemon [_thread_blocked, id=12832, stack(0x0000001adfe00000,0x0000001adff00000)]
  0x000001db785573f0 JavaThread "Attach Listener" daemon [_thread_blocked, id=16552, stack(0x0000001adff00000,0x0000001ae0000000)]
  0x000001db78557fb0 JavaThread "Service Thread" daemon [_thread_blocked, id=13164, stack(0x0000001ae0000000,0x0000001ae0100000)]
  0x000001db7855d9b0 JavaThread "Monitor Deflation Thread" daemon [_thread_blocked, id=5628, stack(0x0000001ae0100000,0x0000001ae0200000)]
  0x000001db78561c50 JavaThread "C2 CompilerThread0" daemon [_thread_blocked, id=1928, stack(0x0000001ae0200000,0x0000001ae0300000)]
  0x000001db7856a710 JavaThread "C1 CompilerThread0" daemon [_thread_blocked, id=13892, stack(0x0000001ae0300000,0x0000001ae0400000)]
  0x000001db7856e040 JavaThread "Sweeper thread" daemon [_thread_blocked, id=12796, stack(0x0000001ae0400000,0x0000001ae0500000)]
  0x000001db786dfcc0 JavaThread "Notification Thread" daemon [_thread_blocked, id=14424, stack(0x0000001ae0500000,0x0000001ae0600000)]
  0x000001db786e1b20 JavaThread "Common-Cleaner" daemon [_thread_blocked, id=14952, stack(0x0000001ae0700000,0x0000001ae0800000)]
  0x000001db78767570 JavaThread "C2 CompilerThread1" daemon [_thread_blocked, id=4204, stack(0x0000001ae0800000,0x0000001ae0900000)]

Other Threads:
  0x000001db784ab540 VMThread "VM Thread" [stack: 0x0000001adfb00000,0x0000001adfc00000] [id=19064]
  0x000001db785dca70 WatcherThread [stack: 0x0000001ae0600000,0x0000001ae0700000] [id=13636]
  0x000001db596f97f0 GCTaskThread "GC Thread#0" [stack: 0x0000001adf600000,0x0000001adf700000] [id=7876]
  0x000001db5970a3c0 ConcurrentGCThread "G1 Main Marker" [stack: 0x0000001adf700000,0x0000001adf800000] [id=1880]
  0x000001db5970b580 ConcurrentGCThread "G1 Conc#0" [stack: 0x0000001adf800000,0x0000001adf900000] [id=16924]
  0x000001db7822a1f0 ConcurrentGCThread "G1 Refine#0" [stack: 0x0000001adf900000,0x0000001adfa00000] [id=8688]
  0x000001db7822ac20 ConcurrentGCThread "G1 Service" [stack: 0x0000001adfa00000,0x0000001adfb00000] [id=9428]

Threads with active compile tasks:

VM state: not at safepoint (normal execution)

VM Mutex/Monitor currently owned by a thread:  ([mutex/lock_event])
[0x000001db59686da0] Metaspace_lock - owner thread: 0x000001db5968c0a0

Heap address: 0x0000000703800000, size: 4040 MB, Compressed Oops mode: Zero based, Oop shift amount: 3

CDS archive(s) not mapped
Compressed class space mapped at: 0x0000000800000000-0x0000000840000000, reserved size: 1073741824
Narrow klass base: 0x0000000800000000, Narrow klass shift: 0, Narrow klass range: 0x40000000

GC Precious Log:
 CPUs: 12 total, 12 available
 Memory: 16159M
 Large Page Support: Disabled
 NUMA Support: Disabled
 Compressed Oops: Enabled (Zero based)
 Heap Region Size: 2M
 Heap Min Capacity: 8M
 Heap Initial Capacity: 254M
 Heap Max Capacity: 4040M
 Pre-touch: Disabled
 Parallel Workers: 10
 Concurrent Workers: 3
 Concurrent Refinement Workers: 10
 Periodic GC: Disabled

Heap:
 garbage-first heap   total 260096K, used 4096K [0x0000000703800000, 0x0000000800000000)
  region size 2048K, 2 young (4096K), 0 survivors (0K)
 Metaspace       used 4684K, committed 4736K, reserved 1114112K
  class space    used 396K, committed 448K, reserved 1048576K

Heap Regions: E=young(eden), S=young(survivor), O=old, HS=humongous(starts), HC=humongous(continues), CS=collection set, F=free, OA=open archive, CA=closed archive, TAMS=top-at-mark-start (previous, next)
|   0|0x0000000703800000, 0x0000000703a00000, 0x0000000703a00000|100%|HS|  |TAMS 0x0000000703800000, 0x0000000703800000| Complete 
|   1|0x0000000703a00000, 0x0000000703c00000, 0x0000000703c00000|100%|HC|  |TAMS 0x0000000703a00000, 0x0000000703a00000| Complete 
|   2|0x0000000703c00000, 0x0000000703c00000, 0x0000000703e00000|  0%| F|  |TAMS 0x0000000703c00000, 0x0000000703c00000| Untracked 
|   3|0x0000000703e00000, 0x0000000703e00000, 0x0000000704000000|  0%| F|  |TAMS 0x0000000703e00000, 0x0000000703e00000| Untracked 
|   4|0x0000000704000000, 0x0000000704000000, 0x0000000704200000|  0%| F|  |TAMS 0x0000000704000000, 0x0000000704000000| Untracked 
|   5|0x0000000704200000, 0x0000000704200000, 0x0000000704400000|  0%| F|  |TAMS 0x0000000704200000, 0x0000000704200000| Untracked 
|   6|0x0000000704400000, 0x0000000704400000, 0x0000000704600000|  0%| F|  |TAMS 0x0000000704400000, 0x0000000704400000| Untracked 
|   7|0x0000000704600000, 0x0000000704600000, 0x0000000704800000|  0%| F|  |TAMS 0x0000000704600000, 0x0000000704600000| Untracked 
|   8|0x0000000704800000, 0x0000000704800000, 0x0000000704a00000|  0%| F|  |TAMS 0x0000000704800000, 0x0000000704800000| Untracked 
|   9|0x0000000704a00000, 0x0000000704a00000, 0x0000000704c00000|  0%| F|  |TAMS 0x0000000704a00000, 0x0000000704a00000| Untracked 
|  10|0x0000000704c00000, 0x0000000704c00000, 0x0000000704e00000|  0%| F|  |TAMS 0x0000000704c00000, 0x0000000704c00000| Untracked 
|  11|0x0000000704e00000, 0x0000000704e00000, 0x0000000705000000|  0%| F|  |TAMS 0x0000000704e00000, 0x0000000704e00000| Untracked 
|  12|0x0000000705000000, 0x0000000705000000, 0x0000000705200000|  0%| F|  |TAMS 0x0000000705000000, 0x0000000705000000| Untracked 
|  13|0x0000000705200000, 0x0000000705200000, 0x0000000705400000|  0%| F|  |TAMS 0x0000000705200000, 0x0000000705200000| Untracked 
|  14|0x0000000705400000, 0x0000000705400000, 0x0000000705600000|  0%| F|  |TAMS 0x0000000705400000, 0x0000000705400000| Untracked 
|  15|0x0000000705600000, 0x0000000705600000, 0x0000000705800000|  0%| F|  |TAMS 0x0000000705600000, 0x0000000705600000| Untracked 
|  16|0x0000000705800000, 0x0000000705800000, 0x0000000705a00000|  0%| F|  |TAMS 0x0000000705800000, 0x0000000705800000| Untracked 
|  17|0x0000000705a00000, 0x0000000705a00000, 0x0000000705c00000|  0%| F|  |TAMS 0x0000000705a00000, 0x0000000705a00000| Untracked 
|  18|0x0000000705c00000, 0x0000000705c00000, 0x0000000705e00000|  0%| F|  |TAMS 0x0000000705c00000, 0x0000000705c00000| Untracked 
|  19|0x0000000705e00000, 0x0000000705e00000, 0x0000000706000000|  0%| F|  |TAMS 0x0000000705e00000, 0x0000000705e00000| Untracked 
|  20|0x0000000706000000, 0x0000000706000000, 0x0000000706200000|  0%| F|  |TAMS 0x0000000706000000, 0x0000000706000000| Untracked 
|  21|0x0000000706200000, 0x0000000706200000, 0x0000000706400000|  0%| F|  |TAMS 0x0000000706200000, 0x0000000706200000| Untracked 
|  22|0x0000000706400000, 0x0000000706400000, 0x0000000706600000|  0%| F|  |TAMS 0x0000000706400000, 0x0000000706400000| Untracked 
|  23|0x0000000706600000, 0x0000000706600000, 0x0000000706800000|  0%| F|  |TAMS 0x0000000706600000, 0x0000000706600000| Untracked 
|  24|0x0000000706800000, 0x0000000706800000, 0x0000000706a00000|  0%| F|  |TAMS 0x0000000706800000, 0x0000000706800000| Untracked 
|  25|0x0000000706a00000, 0x0000000706a00000, 0x0000000706c00000|  0%| F|  |TAMS 0x0000000706a00000, 0x0000000706a00000| Untracked 
|  26|0x0000000706c00000, 0x0000000706c00000, 0x0000000706e00000|  0%| F|  |TAMS 0x0000000706c00000, 0x0000000706c00000| Untracked 
|  27|0x0000000706e00000, 0x0000000706e00000, 0x0000000707000000|  0%| F|  |TAMS 0x0000000706e00000, 0x0000000706e00000| Untracked 
|  28|0x0000000707000000, 0x0000000707000000, 0x0000000707200000|  0%| F|  |TAMS 0x0000000707000000, 0x0000000707000000| Untracked 
|  29|0x0000000707200000, 0x0000000707200000, 0x0000000707400000|  0%| F|  |TAMS 0x0000000707200000, 0x0000000707200000| Untracked 
|  30|0x0000000707400000, 0x0000000707400000, 0x0000000707600000|  0%| F|  |TAMS 0x0000000707400000, 0x0000000707400000| Untracked 
|  31|0x0000000707600000, 0x0000000707600000, 0x0000000707800000|  0%| F|  |TAMS 0x0000000707600000, 0x0000000707600000| Untracked 
|  32|0x0000000707800000, 0x0000000707800000, 0x0000000707a00000|  0%| F|  |TAMS 0x0000000707800000, 0x0000000707800000| Untracked 
|  33|0x0000000707a00000, 0x0000000707a00000, 0x0000000707c00000|  0%| F|  |TAMS 0x0000000707a00000, 0x0000000707a00000| Untracked 
|  34|0x0000000707c00000, 0x0000000707c00000, 0x0000000707e00000|  0%| F|  |TAMS 0x0000000707c00000, 0x0000000707c00000| Untracked 
|  35|0x0000000707e00000, 0x0000000707e00000, 0x0000000708000000|  0%| F|  |TAMS 0x0000000707e00000, 0x0000000707e00000| Untracked 
|  36|0x0000000708000000, 0x0000000708000000, 0x0000000708200000|  0%| F|  |TAMS 0x0000000708000000, 0x0000000708000000| Untracked 
|  37|0x0000000708200000, 0x0000000708200000, 0x0000000708400000|  0%| F|  |TAMS 0x0000000708200000, 0x0000000708200000| Untracked 
|  38|0x0000000708400000, 0x0000000708400000, 0x0000000708600000|  0%| F|  |TAMS 0x0000000708400000, 0x0000000708400000| Untracked 
|  39|0x0000000708600000, 0x0000000708600000, 0x0000000708800000|  0%| F|  |TAMS 0x0000000708600000, 0x0000000708600000| Untracked 
|  40|0x0000000708800000, 0x0000000708800000, 0x0000000708a00000|  0%| F|  |TAMS 0x0000000708800000, 0x0000000708800000| Untracked 
|  41|0x0000000708a00000, 0x0000000708a00000, 0x0000000708c00000|  0%| F|  |TAMS 0x0000000708a00000, 0x0000000708a00000| Untracked 
|  42|0x0000000708c00000, 0x0000000708c00000, 0x0000000708e00000|  0%| F|  |TAMS 0x0000000708c00000, 0x0000000708c00000| Untracked 
|  43|0x0000000708e00000, 0x0000000708e00000, 0x0000000709000000|  0%| F|  |TAMS 0x0000000708e00000, 0x0000000708e00000| Untracked 
|  44|0x0000000709000000, 0x0000000709000000, 0x0000000709200000|  0%| F|  |TAMS 0x0000000709000000, 0x0000000709000000| Untracked 
|  45|0x0000000709200000, 0x0000000709200000, 0x0000000709400000|  0%| F|  |TAMS 0x0000000709200000, 0x0000000709200000| Untracked 
|  46|0x0000000709400000, 0x0000000709400000, 0x0000000709600000|  0%| F|  |TAMS 0x0000000709400000, 0x0000000709400000| Untracked 
|  47|0x0000000709600000, 0x0000000709600000, 0x0000000709800000|  0%| F|  |TAMS 0x0000000709600000, 0x0000000709600000| Untracked 
|  48|0x0000000709800000, 0x0000000709800000, 0x0000000709a00000|  0%| F|  |TAMS 0x0000000709800000, 0x0000000709800000| Untracked 
|  49|0x0000000709a00000, 0x0000000709a00000, 0x0000000709c00000|  0%| F|  |TAMS 0x0000000709a00000, 0x0000000709a00000| Untracked 
|  50|0x0000000709c00000, 0x0000000709c00000, 0x0000000709e00000|  0%| F|  |TAMS 0x0000000709c00000, 0x0000000709c00000| Untracked 
|  51|0x0000000709e00000, 0x0000000709e00000, 0x000000070a000000|  0%| F|  |TAMS 0x0000000709e00000, 0x0000000709e00000| Untracked 
|  52|0x000000070a000000, 0x000000070a000000, 0x000000070a200000|  0%| F|  |TAMS 0x000000070a000000, 0x000000070a000000| Untracked 
|  53|0x000000070a200000, 0x000000070a200000, 0x000000070a400000|  0%| F|  |TAMS 0x000000070a200000, 0x000000070a200000| Untracked 
|  54|0x000000070a400000, 0x000000070a400000, 0x000000070a600000|  0%| F|  |TAMS 0x000000070a400000, 0x000000070a400000| Untracked 
|  55|0x000000070a600000, 0x000000070a600000, 0x000000070a800000|  0%| F|  |TAMS 0x000000070a600000, 0x000000070a600000| Untracked 
|  56|0x000000070a800000, 0x000000070a800000, 0x000000070aa00000|  0%| F|  |TAMS 0x000000070a800000, 0x000000070a800000| Untracked 
|  57|0x000000070aa00000, 0x000000070aa00000, 0x000000070ac00000|  0%| F|  |TAMS 0x000000070aa00000, 0x000000070aa00000| Untracked 
|  58|0x000000070ac00000, 0x000000070ac00000, 0x000000070ae00000|  0%| F|  |TAMS 0x000000070ac00000, 0x000000070ac00000| Untracked 
|  59|0x000000070ae00000, 0x000000070ae00000, 0x000000070b000000|  0%| F|  |TAMS 0x000000070ae00000, 0x000000070ae00000| Untracked 
|  60|0x000000070b000000, 0x000000070b000000, 0x000000070b200000|  0%| F|  |TAMS 0x000000070b000000, 0x000000070b000000| Untracked 
|  61|0x000000070b200000, 0x000000070b200000, 0x000000070b400000|  0%| F|  |TAMS 0x000000070b200000, 0x000000070b200000| Untracked 
|  62|0x000000070b400000, 0x000000070b400000, 0x000000070b600000|  0%| F|  |TAMS 0x000000070b400000, 0x000000070b400000| Untracked 
|  63|0x000000070b600000, 0x000000070b600000, 0x000000070b800000|  0%| F|  |TAMS 0x000000070b600000, 0x000000070b600000| Untracked 
|  64|0x000000070b800000, 0x000000070b800000, 0x000000070ba00000|  0%| F|  |TAMS 0x000000070b800000, 0x000000070b800000| Untracked 
|  65|0x000000070ba00000, 0x000000070ba00000, 0x000000070bc00000|  0%| F|  |TAMS 0x000000070ba00000, 0x000000070ba00000| Untracked 
|  66|0x000000070bc00000, 0x000000070bc00000, 0x000000070be00000|  0%| F|  |TAMS 0x000000070bc00000, 0x000000070bc00000| Untracked 
|  67|0x000000070be00000, 0x000000070be00000, 0x000000070c000000|  0%| F|  |TAMS 0x000000070be00000, 0x000000070be00000| Untracked 
|  68|0x000000070c000000, 0x000000070c000000, 0x000000070c200000|  0%| F|  |TAMS 0x000000070c000000, 0x000000070c000000| Untracked 
|  69|0x000000070c200000, 0x000000070c200000, 0x000000070c400000|  0%| F|  |TAMS 0x000000070c200000, 0x000000070c200000| Untracked 
|  70|0x000000070c400000, 0x000000070c400000, 0x000000070c600000|  0%| F|  |TAMS 0x000000070c400000, 0x000000070c400000| Untracked 
|  71|0x000000070c600000, 0x000000070c600000, 0x000000070c800000|  0%| F|  |TAMS 0x000000070c600000, 0x000000070c600000| Untracked 
|  72|0x000000070c800000, 0x000000070c800000, 0x000000070ca00000|  0%| F|  |TAMS 0x000000070c800000, 0x000000070c800000| Untracked 
|  73|0x000000070ca00000, 0x000000070ca00000, 0x000000070cc00000|  0%| F|  |TAMS 0x000000070ca00000, 0x000000070ca00000| Untracked 
|  74|0x000000070cc00000, 0x000000070cc00000, 0x000000070ce00000|  0%| F|  |TAMS 0x000000070cc00000, 0x000000070cc00000| Untracked 
|  75|0x000000070ce00000, 0x000000070ce00000, 0x000000070d000000|  0%| F|  |TAMS 0x000000070ce00000, 0x000000070ce00000| Untracked 
|  76|0x000000070d000000, 0x000000070d000000, 0x000000070d200000|  0%| F|  |TAMS 0x000000070d000000, 0x000000070d000000| Untracked 
|  77|0x000000070d200000, 0x000000070d200000, 0x000000070d400000|  0%| F|  |TAMS 0x000000070d200000, 0x000000070d200000| Untracked 
|  78|0x000000070d400000, 0x000000070d400000, 0x000000070d600000|  0%| F|  |TAMS 0x000000070d400000, 0x000000070d400000| Untracked 
|  79|0x000000070d600000, 0x000000070d600000, 0x000000070d800000|  0%| F|  |TAMS 0x000000070d600000, 0x000000070d600000| Untracked 
|  80|0x000000070d800000, 0x000000070d800000, 0x000000070da00000|  0%| F|  |TAMS 0x000000070d800000, 0x000000070d800000| Untracked 
|  81|0x000000070da00000, 0x000000070da00000, 0x000000070dc00000|  0%| F|  |TAMS 0x000000070da00000, 0x000000070da00000| Untracked 
|  82|0x000000070dc00000, 0x000000070dc00000, 0x000000070de00000|  0%| F|  |TAMS 0x000000070dc00000, 0x000000070dc00000| Untracked 
|  83|0x000000070de00000, 0x000000070de00000, 0x000000070e000000|  0%| F|  |TAMS 0x000000070de00000, 0x000000070de00000| Untracked 
|  84|0x000000070e000000, 0x000000070e000000, 0x000000070e200000|  0%| F|  |TAMS 0x000000070e000000, 0x000000070e000000| Untracked 
|  85|0x000000070e200000, 0x000000070e200000, 0x000000070e400000|  0%| F|  |TAMS 0x000000070e200000, 0x000000070e200000| Untracked 
|  86|0x000000070e400000, 0x000000070e400000, 0x000000070e600000|  0%| F|  |TAMS 0x000000070e400000, 0x000000070e400000| Untracked 
|  87|0x000000070e600000, 0x000000070e600000, 0x000000070e800000|  0%| F|  |TAMS 0x000000070e600000, 0x000000070e600000| Untracked 
|  88|0x000000070e800000, 0x000000070e800000, 0x000000070ea00000|  0%| F|  |TAMS 0x000000070e800000, 0x000000070e800000| Untracked 
|  89|0x000000070ea00000, 0x000000070ea00000, 0x000000070ec00000|  0%| F|  |TAMS 0x000000070ea00000, 0x000000070ea00000| Untracked 
|  90|0x000000070ec00000, 0x000000070ec00000, 0x000000070ee00000|  0%| F|  |TAMS 0x000000070ec00000, 0x000000070ec00000| Untracked 
|  91|0x000000070ee00000, 0x000000070ee00000, 0x000000070f000000|  0%| F|  |TAMS 0x000000070ee00000, 0x000000070ee00000| Untracked 
|  92|0x000000070f000000, 0x000000070f000000, 0x000000070f200000|  0%| F|  |TAMS 0x000000070f000000, 0x000000070f000000| Untracked 
|  93|0x000000070f200000, 0x000000070f200000, 0x000000070f400000|  0%| F|  |TAMS 0x000000070f200000, 0x000000070f200000| Untracked 
|  94|0x000000070f400000, 0x000000070f400000, 0x000000070f600000|  0%| F|  |TAMS 0x000000070f400000, 0x000000070f400000| Untracked 
|  95|0x000000070f600000, 0x000000070f600000, 0x000000070f800000|  0%| F|  |TAMS 0x000000070f600000, 0x000000070f600000| Untracked 
|  96|0x000000070f800000, 0x000000070f800000, 0x000000070fa00000|  0%| F|  |TAMS 0x000000070f800000, 0x000000070f800000| Untracked 
|  97|0x000000070fa00000, 0x000000070fa00000, 0x000000070fc00000|  0%| F|  |TAMS 0x000000070fa00000, 0x000000070fa00000| Untracked 
|  98|0x000000070fc00000, 0x000000070fc00000, 0x000000070fe00000|  0%| F|  |TAMS 0x000000070fc00000, 0x000000070fc00000| Untracked 
|  99|0x000000070fe00000, 0x000000070fe00000, 0x0000000710000000|  0%| F|  |TAMS 0x000000070fe00000, 0x000000070fe00000| Untracked 
| 100|0x0000000710000000, 0x0000000710000000, 0x0000000710200000|  0%| F|  |TAMS 0x0000000710000000, 0x0000000710000000| Untracked 
| 101|0x0000000710200000, 0x0000000710200000, 0x0000000710400000|  0%| F|  |TAMS 0x0000000710200000, 0x0000000710200000| Untracked 
| 102|0x0000000710400000, 0x0000000710400000, 0x0000000710600000|  0%| F|  |TAMS 0x0000000710400000, 0x0000000710400000| Untracked 
| 103|0x0000000710600000, 0x0000000710600000, 0x0000000710800000|  0%| F|  |TAMS 0x0000000710600000, 0x0000000710600000| Untracked 
| 104|0x0000000710800000, 0x0000000710800000, 0x0000000710a00000|  0%| F|  |TAMS 0x0000000710800000, 0x0000000710800000| Untracked 
| 105|0x0000000710a00000, 0x0000000710a00000, 0x0000000710c00000|  0%| F|  |TAMS 0x0000000710a00000, 0x0000000710a00000| Untracked 
| 106|0x0000000710c00000, 0x0000000710c00000, 0x0000000710e00000|  0%| F|  |TAMS 0x0000000710c00000, 0x0000000710c00000| Untracked 
| 107|0x0000000710e00000, 0x0000000710e00000, 0x0000000711000000|  0%| F|  |TAMS 0x0000000710e00000, 0x0000000710e00000| Untracked 
| 108|0x0000000711000000, 0x0000000711000000, 0x0000000711200000|  0%| F|  |TAMS 0x0000000711000000, 0x0000000711000000| Untracked 
| 109|0x0000000711200000, 0x0000000711200000, 0x0000000711400000|  0%| F|  |TAMS 0x0000000711200000, 0x0000000711200000| Untracked 
| 110|0x0000000711400000, 0x0000000711400000, 0x0000000711600000|  0%| F|  |TAMS 0x0000000711400000, 0x0000000711400000| Untracked 
| 111|0x0000000711600000, 0x0000000711600000, 0x0000000711800000|  0%| F|  |TAMS 0x0000000711600000, 0x0000000711600000| Untracked 
| 112|0x0000000711800000, 0x0000000711800000, 0x0000000711a00000|  0%| F|  |TAMS 0x0000000711800000, 0x0000000711800000| Untracked 
| 113|0x0000000711a00000, 0x0000000711a00000, 0x0000000711c00000|  0%| F|  |TAMS 0x0000000711a00000, 0x0000000711a00000| Untracked 
| 114|0x0000000711c00000, 0x0000000711c00000, 0x0000000711e00000|  0%| F|  |TAMS 0x0000000711c00000, 0x0000000711c00000| Untracked 
| 115|0x0000000711e00000, 0x0000000711e00000, 0x0000000712000000|  0%| F|  |TAMS 0x0000000711e00000, 0x0000000711e00000| Untracked 
| 116|0x0000000712000000, 0x0000000712000000, 0x0000000712200000|  0%| F|  |TAMS 0x0000000712000000, 0x0000000712000000| Untracked 
| 117|0x0000000712200000, 0x0000000712200000, 0x0000000712400000|  0%| F|  |TAMS 0x0000000712200000, 0x0000000712200000| Untracked 
| 118|0x0000000712400000, 0x0000000712400000, 0x0000000712600000|  0%| F|  |TAMS 0x0000000712400000, 0x0000000712400000| Untracked 
| 119|0x0000000712600000, 0x0000000712600000, 0x0000000712800000|  0%| F|  |TAMS 0x0000000712600000, 0x0000000712600000| Untracked 
| 120|0x0000000712800000, 0x0000000712800000, 0x0000000712a00000|  0%| F|  |TAMS 0x0000000712800000, 0x0000000712800000| Untracked 
| 121|0x0000000712a00000, 0x0000000712a00000, 0x0000000712c00000|  0%| F|  |TAMS 0x0000000712a00000, 0x0000000712a00000| Untracked 
| 122|0x0000000712c00000, 0x0000000712c00000, 0x0000000712e00000|  0%| F|  |TAMS 0x0000000712c00000, 0x0000000712c00000| Untracked 
| 123|0x0000000712e00000, 0x0000000712e00000, 0x0000000713000000|  0%| F|  |TAMS 0x0000000712e00000, 0x0000000712e00000| Untracked 
| 124|0x0000000713000000, 0x0000000713000000, 0x0000000713200000|  0%| F|  |TAMS 0x0000000713000000, 0x0000000713000000| Untracked 
| 125|0x0000000713200000, 0x00000007132548a8, 0x0000000713400000| 16%| E|  |TAMS 0x0000000713200000, 0x0000000713200000| Complete 
| 126|0x0000000713400000, 0x00000007135c2a68, 0x0000000713600000| 88%| E|  |TAMS 0x0000000713400000, 0x0000000713400000| Complete 

Card table byte_map: [0x000001db6c8a0000,0x000001db6d090000] _byte_map_base: 0x000001db69084000

Marking Bits (Prev, Next): (CMBitMap*) 0x000001db596f9e10, (CMBitMap*) 0x000001db596f9e50
 Prev Bits: [0x000001db6d880000, 0x000001db717a0000)
 Next Bits: [0x000001db717a0000, 0x000001db756c0000)

Polling page: 0x000001db57630000

Metaspace:

Usage:
  Non-class:      4.19 MB used.
      Class:    396.45 KB used.
       Both:      4.57 MB used.

Virtual space:
  Non-class space:       64.00 MB reserved,       4.19 MB (  7%) committed,  1 nodes.
      Class space:        1.00 GB reserved,     448.00 KB ( <1%) committed,  1 nodes.
             Both:        1.06 GB reserved,       4.62 MB ( <1%) committed. 

Chunk freelists:
   Non-Class:  11.00 MB
       Class:  15.56 MB
        Both:  26.56 MB

MaxMetaspaceSize: unlimited
CompressedClassSpaceSize: 1.00 GB
Initial GC threshold: 21.00 MB
Current GC threshold: 21.00 MB
CDS: off
MetaspaceReclaimPolicy: balanced
 - commit_granule_bytes: 65536.
 - commit_granule_words: 8192.
 - virtual_space_node_default_size: 8388608.
 - enlarge_chunks_in_place: 1.
 - new_chunks_are_fully_committed: 0.
 - uncommit_free_chunks: 1.
 - use_allocation_guard: 0.
 - handle_deallocations: 1.


Internal statistics:

num_allocs_failed_limit: 0.
num_arena_births: 2.
num_arena_deaths: 0.
num_vsnodes_births: 2.
num_vsnodes_deaths: 0.
num_space_committed: 74.
num_space_uncommitted: 0.
num_chunks_returned_to_freelist: 0.
num_chunks_taken_from_freelist: 6.
num_chunk_merges: 0.
num_chunk_splits: 3.
num_chunks_enlarged: 0.
num_inconsistent_stats: 0.

CodeHeap 'non-profiled nmethods': size=120000Kb used=24Kb max_used=24Kb free=119975Kb
 bounds [0x000001db64630000, 0x000001db648a0000, 0x000001db6bb60000]
CodeHeap 'profiled nmethods': size=120000Kb used=117Kb max_used=117Kb free=119882Kb
 bounds [0x000001db5cb60000, 0x000001db5cdd0000, 0x000001db64090000]
CodeHeap 'non-nmethods': size=5760Kb used=1054Kb max_used=1071Kb free=4705Kb
 bounds [0x000001db64090000, 0x000001db64300000, 0x000001db64630000]
 total_blobs=404 nmethods=90 adapters=227
 compilation: enabled
              stopped_count=0, restarted_count=0
 full_count=0

Compilation events (20 events):
Event: 0.118 Thread 0x000001db7856a710 nmethod 80 0x000001db5cb7ba90 code [0x000001db5cb7bc20, 0x000001db5cb7bdd8]
Event: 0.118 Thread 0x000001db7856a710   81       3       java.util.zip.ZipUtils::CENNAM (9 bytes)
Event: 0.118 Thread 0x000001db7856a710 nmethod 81 0x000001db5cb7bf10 code [0x000001db5cb7c0a0, 0x000001db5cb7c258]
Event: 0.118 Thread 0x000001db7856a710   82       3       java.util.zip.ZipFile$Source::zipCoderForPos (39 bytes)
Event: 0.118 Thread 0x000001db7856a710 nmethod 82 0x000001db5cb7c390 code [0x000001db5cb7c560, 0x000001db5cb7c968]
Event: 0.118 Thread 0x000001db7856a710   83       3       java.util.zip.ZipFile$Source::nextEntryPos (22 bytes)
Event: 0.118 Thread 0x000001db7856a710 nmethod 83 0x000001db5cb7cb10 code [0x000001db5cb7ccc0, 0x000001db5cb7cff8]
Event: 0.118 Thread 0x000001db7856a710   84       3       java.util.zip.ZipUtils::CENCOM (9 bytes)
Event: 0.118 Thread 0x000001db7856a710 nmethod 84 0x000001db5cb7d190 code [0x000001db5cb7d320, 0x000001db5cb7d4d8]
Event: 0.120 Thread 0x000001db78561c50 nmethod 85% 0x000001db64633590 code [0x000001db64633720, 0x000001db64633ab8]
Event: 0.120 Thread 0x000001db78561c50   87       4       java.util.zip.ZipCoder$UTF8ZipCoder::checkedHash (91 bytes)
Event: 0.123 Thread 0x000001db78561c50 nmethod 87 0x000001db64633c90 code [0x000001db64633e20, 0x000001db64634158]
Event: 0.124 Thread 0x000001db78561c50   90       4       java.util.zip.ZipFile$Source::nextEntryPos (22 bytes)
Event: 0.124 Thread 0x000001db78767570   88       4       java.util.zip.ZipFile$Source::zipCoderForPos (39 bytes)
Event: 0.124 Thread 0x000001db78767570 nmethod 88 0x000001db64634310 code [0x000001db64634480, 0x000001db64634538]
Event: 0.124 Thread 0x000001db78767570   86   !   4       java.util.zip.ZipFile$Source::checkAndAddEntry (262 bytes)
Event: 0.125 Thread 0x000001db78561c50 nmethod 90 0x000001db64634610 code [0x000001db64634780, 0x000001db646348d8]
Event: 0.125 Thread 0x000001db78561c50   89       4       java.util.zip.ZipFile$Source::isMetaName (141 bytes)
Event: 0.126 Thread 0x000001db78561c50 nmethod 89 0x000001db64634a10 code [0x000001db64634b80, 0x000001db64634d38]
Event: 0.134 Thread 0x000001db78767570 nmethod 86 0x000001db64634e90 code [0x000001db64635060, 0x000001db646359e8]

GC Heap History (0 events):
No events

Dll operation events (1 events):
Event: 0.005 Loaded shared library C:\Program Files\Android\Android Studio\jbr\bin\java.dll

Deoptimization events (20 events):
Event: 0.123 Thread 0x000001db5968c0a0 DEOPT PACKING pc=0x000001db5cb7738c sp=0x0000001adf5fda40
Event: 0.123 Thread 0x000001db5968c0a0 DEOPT UNPACKING pc=0x000001db640e7143 sp=0x0000001adf5fced0 mode 0
Event: 0.123 Thread 0x000001db5968c0a0 DEOPT PACKING pc=0x000001db5cb7738c sp=0x0000001adf5fda40
Event: 0.123 Thread 0x000001db5968c0a0 DEOPT UNPACKING pc=0x000001db640e7143 sp=0x0000001adf5fced0 mode 0
Event: 0.123 Thread 0x000001db5968c0a0 DEOPT PACKING pc=0x000001db5cb7738c sp=0x0000001adf5fda40
Event: 0.123 Thread 0x000001db5968c0a0 DEOPT UNPACKING pc=0x000001db640e7143 sp=0x0000001adf5fced0 mode 0
Event: 0.123 Thread 0x000001db5968c0a0 DEOPT PACKING pc=0x000001db5cb7738c sp=0x0000001adf5fda40
Event: 0.123 Thread 0x000001db5968c0a0 DEOPT UNPACKING pc=0x000001db640e7143 sp=0x0000001adf5fced0 mode 0
Event: 0.123 Thread 0x000001db5968c0a0 DEOPT PACKING pc=0x000001db5cb7738c sp=0x0000001adf5fda40
Event: 0.123 Thread 0x000001db5968c0a0 DEOPT UNPACKING pc=0x000001db640e7143 sp=0x0000001adf5fced0 mode 0
Event: 0.123 Thread 0x000001db5968c0a0 DEOPT PACKING pc=0x000001db5cb7738c sp=0x0000001adf5fda40
Event: 0.123 Thread 0x000001db5968c0a0 DEOPT UNPACKING pc=0x000001db640e7143 sp=0x0000001adf5fced0 mode 0
Event: 0.123 Thread 0x000001db5968c0a0 DEOPT PACKING pc=0x000001db5cb7738c sp=0x0000001adf5fda40
Event: 0.123 Thread 0x000001db5968c0a0 DEOPT UNPACKING pc=0x000001db640e7143 sp=0x0000001adf5fced0 mode 0
Event: 0.123 Thread 0x000001db5968c0a0 DEOPT PACKING pc=0x000001db5cb7738c sp=0x0000001adf5fda40
Event: 0.123 Thread 0x000001db5968c0a0 DEOPT UNPACKING pc=0x000001db640e7143 sp=0x0000001adf5fced0 mode 0
Event: 0.123 Thread 0x000001db5968c0a0 DEOPT PACKING pc=0x000001db5cb7738c sp=0x0000001adf5fda40
Event: 0.123 Thread 0x000001db5968c0a0 DEOPT UNPACKING pc=0x000001db640e7143 sp=0x0000001adf5fced0 mode 0
Event: 0.123 Thread 0x000001db5968c0a0 DEOPT PACKING pc=0x000001db5cb7738c sp=0x0000001adf5fda40
Event: 0.123 Thread 0x000001db5968c0a0 DEOPT UNPACKING pc=0x000001db640e7143 sp=0x0000001adf5fced0 mode 0

Classes unloaded (0 events):
No events

Classes redefined (0 events):
No events

Internal exceptions (0 events):
No events

VM Operations (2 events):
Event: 0.134 Executing VM operation: HandshakeAllThreads
Event: 0.134 Executing VM operation: HandshakeAllThreads done

Events (20 events):
Event: 0.133 Loaded shared library C:\Program Files\Android\Android Studio\jbr\bin\zip.dll
Event: 0.133 loading class java/util/zip/Inflater$InflaterZStreamRef
Event: 0.133 loading class java/util/zip/Inflater$InflaterZStreamRef done
Event: 0.133 loading class java/util/zip/ZipFile$InflaterCleanupAction
Event: 0.133 loading class java/util/zip/ZipFile$InflaterCleanupAction done
Event: 0.133 loading class sun/security/util/SignatureFileVerifier
Event: 0.133 loading class sun/security/util/SignatureFileVerifier done
Event: 0.133 loading class sun/security/util/Debug
Event: 0.133 loading class sun/security/util/Debug done
Event: 0.133 loading class sun/security/action/GetIntegerAction
Event: 0.133 loading class sun/security/action/GetIntegerAction done
Event: 0.134 loading class jdk/internal/loader/URLClassPath$JarLoader$2
Event: 0.134 loading class jdk/internal/loader/Resource
Event: 0.134 loading class jdk/internal/loader/Resource done
Event: 0.134 loading class jdk/internal/loader/URLClassPath$JarLoader$2 done
Event: 0.134 loading class java/util/jar/Attributes
Event: 0.134 loading class java/util/jar/Attributes done
Event: 0.134 loading class java/util/LinkedHashMap
Event: 0.134 loading class java/util/LinkedHashMap done
Event: 0.134 loading class java/util/jar/Manifest$FastInputStream


Dynamic libraries:
0x00007ff7f67f0000 - 0x00007ff7f67fa000 	C:\Program Files\Android\Android Studio\jbr\bin\java.exe
0x00007ffc78ff0000 - 0x00007ffc79207000 	C:\WINDOWS\SYSTEM32\ntdll.dll
0x00007ffc774e0000 - 0x00007ffc775a4000 	C:\WINDOWS\System32\KERNEL32.DLL
0x00007ffc76810000 - 0x00007ffc76bb7000 	C:\WINDOWS\System32\KERNELBASE.dll
0x00007ffc766c0000 - 0x00007ffc767d1000 	C:\WINDOWS\System32\ucrtbase.dll
0x00007ffc5f790000 - 0x00007ffc5f7a7000 	C:\Program Files\Android\Android Studio\jbr\bin\jli.dll
0x00007ffc4f810000 - 0x00007ffc4f82b000 	C:\Program Files\Android\Android Studio\jbr\bin\VCRUNTIME140.dll
0x00007ffc771a0000 - 0x00007ffc7734e000 	C:\WINDOWS\System32\USER32.dll
0x00007ffc569b0000 - 0x00007ffc56c43000 	C:\WINDOWS\WinSxS\amd64_microsoft.windows.common-controls_6595b64144ccf1df_6.0.22621.3527_none_270e469b73872a76\COMCTL32.dll
0x00007ffc767e0000 - 0x00007ffc76806000 	C:\WINDOWS\System32\win32u.dll
0x00007ffc779d0000 - 0x00007ffc77a77000 	C:\WINDOWS\System32\msvcrt.dll
0x00007ffc78f80000 - 0x00007ffc78fa9000 	C:\WINDOWS\System32\GDI32.dll
0x00007ffc76380000 - 0x00007ffc76499000 	C:\WINDOWS\System32\gdi32full.dll
0x00007ffc76c80000 - 0x00007ffc76d1a000 	C:\WINDOWS\System32\msvcp_win.dll
0x00007ffc77810000 - 0x00007ffc77841000 	C:\WINDOWS\System32\IMM32.DLL
0x00007ffc5ec00000 - 0x00007ffc5ec0c000 	C:\Program Files\Android\Android Studio\jbr\bin\vcruntime140_1.dll
0x00007ffc27c90000 - 0x00007ffc27d1d000 	C:\Program Files\Android\Android Studio\jbr\bin\msvcp140.dll
0x00007ffbd4ea0000 - 0x00007ffbd5b23000 	C:\Program Files\Android\Android Studio\jbr\bin\server\jvm.dll
0x00007ffc78180000 - 0x00007ffc78232000 	C:\WINDOWS\System32\ADVAPI32.dll
0x00007ffc78e20000 - 0x00007ffc78ec8000 	C:\WINDOWS\System32\sechost.dll
0x00007ffc76690000 - 0x00007ffc766b8000 	C:\WINDOWS\System32\bcrypt.dll
0x00007ffc77cc0000 - 0x00007ffc77dd5000 	C:\WINDOWS\System32\RPCRT4.dll
0x00007ffc6fcb0000 - 0x00007ffc6fcb9000 	C:\WINDOWS\SYSTEM32\WSOCK32.dll
0x00007ffc761d0000 - 0x00007ffc7621d000 	C:\WINDOWS\SYSTEM32\POWRPROF.dll
0x00007ffc6b700000 - 0x00007ffc6b734000 	C:\WINDOWS\SYSTEM32\WINMM.dll
0x00007ffc78f00000 - 0x00007ffc78f71000 	C:\WINDOWS\System32\WS2_32.dll
0x00007ffc6bce0000 - 0x00007ffc6bcea000 	C:\WINDOWS\SYSTEM32\VERSION.dll
0x00007ffc761b0000 - 0x00007ffc761c3000 	C:\WINDOWS\SYSTEM32\UMPDC.dll
0x00007ffc75310000 - 0x00007ffc75328000 	C:\WINDOWS\SYSTEM32\kernel.appcore.dll
0x00007ffc6c840000 - 0x00007ffc6c84a000 	C:\Program Files\Android\Android Studio\jbr\bin\jimage.dll
0x00007ffc73be0000 - 0x00007ffc73e12000 	C:\WINDOWS\SYSTEM32\DBGHELP.DLL
0x00007ffc77de0000 - 0x00007ffc78168000 	C:\WINDOWS\System32\combase.dll
0x00007ffc77400000 - 0x00007ffc774d7000 	C:\WINDOWS\System32\OLEAUT32.dll
0x00007ffc680f0000 - 0x00007ffc68122000 	C:\WINDOWS\SYSTEM32\dbgcore.DLL
0x00007ffc764a0000 - 0x00007ffc76519000 	C:\WINDOWS\System32\bcryptPrimitives.dll
0x00007ffc6c400000 - 0x00007ffc6c425000 	C:\Program Files\Android\Android Studio\jbr\bin\java.dll
0x00007ffc60340000 - 0x00007ffc60358000 	C:\Program Files\Android\Android Studio\jbr\bin\zip.dll
0x00007ffc78550000 - 0x00007ffc78dac000 	C:\WINDOWS\System32\SHELL32.dll
0x00007ffc74230000 - 0x00007ffc74b26000 	C:\WINDOWS\SYSTEM32\windows.storage.dll
0x00007ffc740f0000 - 0x00007ffc7422e000 	C:\WINDOWS\SYSTEM32\wintypes.dll
0x00007ffc77850000 - 0x00007ffc77945000 	C:\WINDOWS\System32\SHCORE.dll
0x00007ffc78490000 - 0x00007ffc784ee000 	C:\WINDOWS\System32\shlwapi.dll
0x00007ffc76240000 - 0x00007ffc76261000 	C:\WINDOWS\SYSTEM32\profapi.dll
0x00007ffc60320000 - 0x00007ffc60339000 	C:\Program Files\Android\Android Studio\jbr\bin\net.dll
0x00007ffc6d270000 - 0x00007ffc6d3a6000 	C:\WINDOWS\SYSTEM32\WINHTTP.dll
0x00007ffc75780000 - 0x00007ffc757e9000 	C:\WINDOWS\system32\mswsock.dll
0x00007ffc60300000 - 0x00007ffc60316000 	C:\Program Files\Android\Android Studio\jbr\bin\nio.dll

dbghelp: loaded successfully - version: 4.0.5 - missing functions: none
symbol engine: initialized successfully - sym options: 0x614 - pdb path: .;C:\Program Files\Android\Android Studio\jbr\bin;C:\WINDOWS\SYSTEM32;C:\WINDOWS\WinSxS\amd64_microsoft.windows.common-controls_6595b64144ccf1df_6.0.22621.3527_none_270e469b73872a76;C:\Program Files\Android\Android Studio\jbr\bin\server

VM Arguments:
java_command: org.jetbrains.kotlin.cli.jvm.K2JVMCompiler @C:\Users\mathe\AndroidStudioProjects\monitoramento\app\build\20240610_18309747850587849021.compiler.options
java_class_path (initial): C:\Users\mathe\.gradle\caches\modules-2\files-2.1\org.jetbrains.kotlin\kotlin-compiler-embeddable\1.9.23\460f3eeb4ac5383e60a09898bafa9b63838cc2ea\kotlin-compiler-embeddable-1.9.23.jar;C:\Users\mathe\.gradle\caches\modules-2\files-2.1\org.jetbrains.kotlin\kotlin-stdlib\1.9.23\dbaadea1f5e68f790d242a91a38355a83ec38747\kotlin-stdlib-1.9.23.jar;C:\Users\mathe\.gradle\caches\modules-2\files-2.1\org.jetbrains.kotlin\kotlin-script-runtime\1.9.23\1375a7343d05891119fac57f8b50a7578420ac27\kotlin-script-runtime-1.9.23.jar;C:\Users\mathe\.gradle\caches\modules-2\files-2.1\org.jetbrains.kotlin\kotlin-reflect\1.6.10\1cbe9c92c12a94eea200d23c2bbaedaf3daf5132\kotlin-reflect-1.6.10.jar;C:\Users\mathe\.gradle\caches\modules-2\files-2.1\org.jetbrains.kotlin\kotlin-daemon-embeddable\1.9.23\a6ad5e888015dc4f9eb828ea753167f256093c6a\kotlin-daemon-embeddable-1.9.23.jar;C:\Users\mathe\.gradle\caches\modules-2\files-2.1\org.jetbrains.intellij.deps\trove4j\1.0.20200330\3afb14d5f9ceb459d724e907a21145e8ff394f02\trove4j-1.0.20200330.jar;C:\Users\mathe\.gradle\caches\modules-2\files-2.1\org.jetbrains\annotations\13.0\919f0dfe192fb4e063e7dacadee7f8bb9a2672a9\annotations-13.0.jar
Launcher Type: SUN_STANDARD

[Global flags]
     intx CICompilerCount                          = 4                                         {product} {ergonomic}
     uint ConcGCThreads                            = 3                                         {product} {ergonomic}
     uint G1ConcRefinementThreads                  = 10                                        {product} {ergonomic}
   size_t G1HeapRegionSize                         = 2097152                                   {product} {ergonomic}
    uintx GCDrainStackTargetSize                   = 64                                        {product} {ergonomic}
   size_t InitialHeapSize                          = 266338304                                 {product} {ergonomic}
   size_t MarkStackSize                            = 4194304                                   {product} {ergonomic}
   size_t MaxHeapSize                              = 4236247040                                {product} {ergonomic}
   size_t MaxNewSize                               = 2541748224                                {product} {ergonomic}
   size_t MinHeapDeltaBytes                        = 2097152                                   {product} {ergonomic}
   size_t MinHeapSize                              = 8388608                                   {product} {ergonomic}
    uintx NonNMethodCodeHeapSize                   = 5839372                                {pd product} {ergonomic}
    uintx NonProfiledCodeHeapSize                  = 122909434                              {pd product} {ergonomic}
    uintx ProfiledCodeHeapSize                     = 122909434                              {pd product} {ergonomic}
    uintx ReservedCodeCacheSize                    = 251658240                              {pd product} {ergonomic}
     bool SegmentedCodeCache                       = true                                      {product} {ergonomic}
   size_t SoftMaxHeapSize                          = 4236247040                             {manageable} {ergonomic}
     bool UseCompressedClassPointers               = true                           {product lp64_product} {ergonomic}
     bool UseCompressedOops                        = true                           {product lp64_product} {ergonomic}
     bool UseG1GC                                  = true                                      {product} {ergonomic}
     bool UseLargePagesIndividualAllocation        = false                                  {pd product} {ergonomic}

Logging:
Log output configuration:
 #0: stdout all=warning uptime,level,tags
 #1: stderr all=off uptime,level,tags

Environment Variables:
PATH=C:\Program Files\Common Files\Oracle\Java\javapath;C:\Program Files (x86)\Common Files\Oracle\Java\javapath;C:\WINDOWS\system32;C:\WINDOWS;C:\WINDOWS\System32\Wbem;C:\WINDOWS\System32\WindowsPowerShell\v1.0\;C:\WINDOWS\System32\OpenSSH\;C:\Program Files\Git\cmd;C:\Program Files\nodejs\;C:\Users\mathe\apache-maven-3.9.4-bin\apache-maven-3.9.4\bin;C:\Program Files\NVIDIA Corporation\NVIDIA NvDLISR;C:\Program Files (x86)\NVIDIA Corporation\PhysX\Common;C:\Users\mathe\AppData\Local\Programs\Python\Python311;C:\Users\mathe\AppData\Local\Programs\Python\Python311\Scripts;C:\sqlite;C:\wamp64\bin\php\php7.4.33;C:\composer;C:\Program Files\MySQL\MySQL Server 8.0;C:\MinGW\bin;C:\Program Files\Microsoft SQL Server\150\Tools\Binn\;C:\Program Files\Microsoft SQL Server\Client SDK\ODBC\170\Tools\Binn\;C:\Program Files\dotnet\;C:\Program Files (x86)\Windows Kits\10\Windows Performance Toolkit\;C:\Program Files\PuTTY\;C:\Program Files\MySQL\MySQL Shell 8.0\bin\;C:\Ruby32-x64\bin;C:\Users\mathe\AppData\Local\Programs\Python\Python311\Scripts\;C:\Users\mathe\AppData\Local\Programs\Python\Python311\;C:\Users\mathe\AppData\Local\Programs\Python\Launcher\;C:\Users\mathe\AppData\Local\Microsoft\WindowsApps;C:\Users\mathe\AppData\Local\Programs\Microsoft VS Code\bin;C:\Users\mathe\AppData\Local\GitHubDesktop\bin;C:\Users\mathe\AppData\Roaming\npm;C:\Program Files\JetBrains\IntelliJ IDEA 2023.2\bin;;C:\Users\mathe\AppData\Roaming\Composer\vendor\bin;C:\Users\mathe\.dotnet\tools
USERNAME=Matheus
OS=Windows_NT
PROCESSOR_IDENTIFIER=Intel64 Family 6 Model 165 Stepping 2, GenuineIntel
TMP=C:\Users\mathe\AppData\Local\Temp
TEMP=C:\Users\mathe\AppData\Local\Temp



Periodic native trim disabled

JNI global refs:
JNI global refs: 8, weak refs: 0

JNI global refs memory usage: 843, weak refs: 209

OOME stack traces (most recent first):
Classloader memory used:
Loader bootstrap                                                                       : 585K


---------------  S Y S T E M  ---------------

OS:
 Windows 11 , 64 bit Build 22621 (10.0.22621.3527)
OS uptime: 0 days 19:31 hours

CPU: total 12 (initial active 12) (6 cores per cpu, 2 threads per core) family 6 model 165 stepping 2 microcode 0xf8, cx8, cmov, fxsr, ht, mmx, 3dnowpref, sse, sse2, sse3, ssse3, sse4.1, sse4.2, popcnt, lzcnt, tsc, tscinvbit, avx, avx2, aes, erms, clmul, bmi1, bmi2, adx, fma, vzeroupper, clflush, clflushopt
Processor Information for all 12 processors :
  Max Mhz: 2496, Current Mhz: 2496, Mhz Limit: 2496

Memory: 4k page, system-wide physical 16159M (969M free)
TotalPageFile size 21159M (AvailPageFile size 3M)
current process WorkingSet (physical memory assigned to process): 36M, peak: 36M
current process commit charge ("private bytes"): 339M, peak: 340M

vm_info: OpenJDK 64-Bit Server VM (17.0.10+0--11572160) for windows-amd64 JRE (17.0.10+0--11572160), built on Mar 13 2024 23:56:38 by "androidbuild" with MS VC++ 16.10 / 16.11 (VS2019)

END.
