#
# There is insufficient memory for the Java Runtime Environment to continue.
# Native memory allocation (mmap) failed to map 54525952 bytes for G1 virtual space
# Possible reasons:
#   The system is out of physical RAM or swap space
#   The process is running with CompressedOops enabled, and the Java Heap may be blocking the growth of the native heap
# Possible solutions:
#   Reduce memory load on the system
#   Increase physical memory or swap space
#   Check if swap backing store is full
#   Decrease Java heap size (-Xmx/-Xms)
#   Decrease number of Java threads
#   Decrease Java thread stack sizes (-Xss)
#   Set larger code cache with -XX:ReservedCodeCacheSize=
#   JVM is running with Unscaled Compressed Oops mode in which the Java heap is
#     placed in the first 4GB address space. The Java Heap base address is the
#     maximum limit for the native heap growth. Please use -XX:HeapBaseMinAddress
#     to set the Java Heap base and to place the Java Heap above 4GB virtual address.
# This output file may be truncated or incomplete.
#
#  Out of Memory Error (os_windows.cpp:3536), pid=8044, tid=15456
#
# JRE version: Java(TM) SE Runtime Environment (19.0.2+7) (build 19.0.2+7-44)
# Java VM: Java HotSpot(TM) 64-Bit Server VM (19.0.2+7-44, mixed mode, sharing, tiered, compressed oops, compressed class ptrs, g1 gc, windows-amd64)
# No core dump will be written. Minidumps are not enabled by default on client versions of Windows
#

---------------  S U M M A R Y ------------

Command Line: --add-opens=java.base/java.util=ALL-UNNAMED --add-opens=java.base/java.lang=ALL-UNNAMED --add-opens=java.base/java.lang.invoke=ALL-UNNAMED --add-opens=java.prefs/java.util.prefs=ALL-UNNAMED --add-opens=java.base/java.nio.charset=ALL-UNNAMED --add-opens=java.base/java.net=ALL-UNNAMED --add-opens=java.base/java.util.concurrent.atomic=ALL-UNNAMED -Xmx2048m -Dfile.encoding=UTF-8 -Duser.country=BR -Duser.language=pt -Duser.variant -javaagent:C:\Users\mathe\.gradle\wrapper\dists\gradle-8.6-bin\afr5mpiioh2wthjmwnkmdsd5w\gradle-8.6\lib\agents\gradle-instrumentation-agent-8.6.jar org.gradle.launcher.daemon.bootstrap.GradleDaemon 8.6

Host: Intel(R) Core(TM) i5-10500H CPU @ 2.50GHz, 12 cores, 15G,  Windows 11 , 64 bit Build 22621 (10.0.22621.3527)
Time: Mon Jun 10 10:39:31 2024 Hora oficial do Brasil elapsed time: 22.002065 seconds (0d 0h 0m 22s)

---------------  T H R E A D  ---------------

Current thread (0x0000022b2e54ce20):  VMThread "VM Thread" [stack: 0x000000aec6b00000,0x000000aec6c00000] [id=15456]

Stack: [0x000000aec6b00000,0x000000aec6c00000]
Native frames: (J=compiled Java code, j=interpreted, Vv=VM code, C=native code)
V  [jvm.dll+0x6ee21a]
V  [jvm.dll+0x85765e]
V  [jvm.dll+0x85904e]
V  [jvm.dll+0x859703]
V  [jvm.dll+0x28298f]
V  [jvm.dll+0x6eb009]
V  [jvm.dll+0x6dfbaa]
V  [jvm.dll+0x3573f6]
V  [jvm.dll+0x35ee56]
V  [jvm.dll+0x3b541e]
V  [jvm.dll+0x3b564f]
V  [jvm.dll+0x32c9ea]
V  [jvm.dll+0x32ca97]
V  [jvm.dll+0x374cd2]
V  [jvm.dll+0x37340f]
V  [jvm.dll+0x32c210]
V  [jvm.dll+0x3729ab]
V  [jvm.dll+0x85ebc3]
V  [jvm.dll+0x85f989]
V  [jvm.dll+0x85febd]
V  [jvm.dll+0x86034b]
V  [jvm.dll+0x860407]
V  [jvm.dll+0x80125a]
V  [jvm.dll+0x6ecf0b]
C  [ucrtbase.dll+0x29333]
C  [KERNEL32.DLL+0x1257d]
C  [ntdll.dll+0x5aa48]

VM_Operation (0x000000aec84f3130): G1CollectForAllocation, mode: safepoint, requested by thread 0x0000022b34601360


---------------  P R O C E S S  ---------------

Threads class SMR info:
_java_thread_list=0x0000022b33ae7930, length=56, elements={
0x0000022b0f851810, 0x0000022b2e563030, 0x0000022b2e567ad0, 0x0000022b2e56b8c0,
0x0000022b2e56e4c0, 0x0000022b2e56ef90, 0x0000022b2e56fa60, 0x0000022b2e5902e0,
0x0000022b2e592a10, 0x0000022b2e56db90, 0x0000022b2e539e00, 0x0000022b2e7d8010,
0x0000022b338858f0, 0x0000022b347b7800, 0x0000022b347b3a50, 0x0000022b345b54b0,
0x0000022b345d5ba0, 0x0000022b347d1d40, 0x0000022b34601360, 0x0000022b34604330,
0x0000022b346028a0, 0x0000022b34600e10, 0x0000022b34602df0, 0x0000022b34603890,
0x0000022b34603de0, 0x0000022b34601e00, 0x0000022b34603340, 0x0000022b34602350,
0x0000022b35a4ecb0, 0x0000022b35a4fca0, 0x0000022b35a4b790, 0x0000022b35a501f0,
0x0000022b35a497b0, 0x0000022b35a4ccd0, 0x0000022b35a4e210, 0x0000022b40eb0050,
0x0000022b40ead080, 0x0000022b40eaf5b0, 0x0000022b40eadb20, 0x0000022b40eae5c0,
0x0000022b40eaeb10, 0x0000022b40eafb00, 0x0000022b40eaf060, 0x0000022b32e068b0,
0x0000022b32e05370, 0x0000022b32e058c0, 0x0000022b32e05e10, 0x0000022b32e048d0,
0x0000022b32e04e20, 0x0000022b32e06360, 0x0000022b32e04380, 0x0000022b36decaa0,
0x0000022b38023c30, 0x0000022b36df0fb0, 0x0000022b36defa70, 0x0000022b38025800
}

Java Threads: ( => current thread )
  0x0000022b0f851810 JavaThread "main" [_thread_blocked, id=1748, stack(0x000000aec6500000,0x000000aec6600000)]
  0x0000022b2e563030 JavaThread "Reference Handler" daemon [_thread_blocked, id=3860, stack(0x000000aec6c00000,0x000000aec6d00000)]
  0x0000022b2e567ad0 JavaThread "Finalizer" daemon [_thread_blocked, id=2880, stack(0x000000aec6d00000,0x000000aec6e00000)]
  0x0000022b2e56b8c0 JavaThread "Signal Dispatcher" daemon [_thread_blocked, id=4776, stack(0x000000aec6e00000,0x000000aec6f00000)]
  0x0000022b2e56e4c0 JavaThread "Attach Listener" daemon [_thread_blocked, id=7412, stack(0x000000aec6f00000,0x000000aec7000000)]
  0x0000022b2e56ef90 JavaThread "Service Thread" daemon [_thread_blocked, id=15632, stack(0x000000aec7000000,0x000000aec7100000)]
  0x0000022b2e56fa60 JavaThread "Monitor Deflation Thread" daemon [_thread_blocked, id=3700, stack(0x000000aec7100000,0x000000aec7200000)]
  0x0000022b2e5902e0 JavaThread "C2 CompilerThread0" daemon [_thread_blocked, id=2280, stack(0x000000aec7200000,0x000000aec7300000)]
  0x0000022b2e592a10 JavaThread "C1 CompilerThread0" daemon [_thread_blocked, id=12684, stack(0x000000aec7300000,0x000000aec7400000)]
  0x0000022b2e56db90 JavaThread "Sweeper thread" daemon [_thread_blocked, id=1964, stack(0x000000aec7400000,0x000000aec7500000)]
  0x0000022b2e539e00 JavaThread "Common-Cleaner" daemon [_thread_blocked, id=10324, stack(0x000000aec7500000,0x000000aec7600000)]
  0x0000022b2e7d8010 JavaThread "Notification Thread" daemon [_thread_blocked, id=16900, stack(0x000000aec7600000,0x000000aec7700000)]
  0x0000022b338858f0 JavaThread "Daemon health stats" [_thread_blocked, id=1060, stack(0x000000aec7e00000,0x000000aec7f00000)]
  0x0000022b347b7800 JavaThread "Incoming local TCP Connector on port 55286" [_thread_in_native, id=10936, stack(0x000000aec7f00000,0x000000aec8000000)]
  0x0000022b347b3a50 JavaThread "Daemon periodic checks" [_thread_blocked, id=8224, stack(0x000000aec8000000,0x000000aec8100000)]
  0x0000022b345b54b0 JavaThread "Daemon" [_thread_blocked, id=14388, stack(0x000000aec8100000,0x000000aec8200000)]
  0x0000022b345d5ba0 JavaThread "Handler for socket connection from /127.0.0.1:55286 to /127.0.0.1:55287" [_thread_in_native, id=748, stack(0x000000aec8200000,0x000000aec8300000)]
  0x0000022b347d1d40 JavaThread "Cancel handler" [_thread_blocked, id=19204, stack(0x000000aec8300000,0x000000aec8400000)]
  0x0000022b34601360 JavaThread "Daemon worker" [_thread_blocked, id=16236, stack(0x000000aec8400000,0x000000aec8500000)]
  0x0000022b34604330 JavaThread "Asynchronous log dispatcher for DefaultDaemonConnection: socket connection from /127.0.0.1:55286 to /127.0.0.1:55287" [_thread_blocked, id=17576, stack(0x000000aec8500000,0x000000aec8600000)]
  0x0000022b346028a0 JavaThread "Stdin handler" [_thread_blocked, id=19440, stack(0x000000aec8600000,0x000000aec8700000)]
  0x0000022b34600e10 JavaThread "Daemon client event forwarder" [_thread_blocked, id=9508, stack(0x000000aec8700000,0x000000aec8800000)]
  0x0000022b34602df0 JavaThread "Cache worker for journal cache (C:\Users\mathe\.gradle\caches\journal-1)" [_thread_blocked, id=11368, stack(0x000000aec8800000,0x000000aec8900000)]
  0x0000022b34603890 JavaThread "File lock request listener" [_thread_in_native, id=17584, stack(0x000000aec8900000,0x000000aec8a00000)]
  0x0000022b34603de0 JavaThread "Cache worker for file hash cache (C:\Users\mathe\.gradle\caches\8.6\fileHashes)" [_thread_blocked, id=17620, stack(0x000000aec8a00000,0x000000aec8b00000)]
  0x0000022b34601e00 JavaThread "File watcher server" daemon [_thread_blocked, id=18880, stack(0x000000aec9200000,0x000000aec9300000)]
  0x0000022b34603340 JavaThread "File watcher consumer" daemon [_thread_blocked, id=18268, stack(0x000000aec9300000,0x000000aec9400000)]
  0x0000022b34602350 JavaThread "Cache worker for checksums cache (C:\Users\mathe\AndroidStudioProjects\monitoramento\.gradle\8.6\checksums)" [_thread_blocked, id=18556, stack(0x000000aec9400000,0x000000aec9500000)]
  0x0000022b35a4ecb0 JavaThread "Cache worker for file hash cache (C:\Users\mathe\AndroidStudioProjects\monitoramento\.gradle\8.6\fileHashes)" [_thread_blocked, id=18604, stack(0x000000aec9500000,0x000000aec9600000)]
  0x0000022b35a4fca0 JavaThread "Cache worker for cache directory md-supplier (C:\Users\mathe\.gradle\caches\8.6\md-supplier)" [_thread_blocked, id=18920, stack(0x000000aec9600000,0x000000aec9700000)]
  0x0000022b35a4b790 JavaThread "Cache worker for cache directory md-rule (C:\Users\mathe\.gradle\caches\8.6\md-rule)" [_thread_blocked, id=18824, stack(0x000000aec9700000,0x000000aec9800000)]
  0x0000022b35a501f0 JavaThread "Cache worker for file content cache (C:\Users\mathe\.gradle\caches\8.6\fileContent)" [_thread_blocked, id=3220, stack(0x000000aec9800000,0x000000aec9900000)]
  0x0000022b35a497b0 JavaThread "jar transforms" [_thread_blocked, id=15176, stack(0x000000aec9900000,0x000000aec9a00000)]
  0x0000022b35a4ccd0 JavaThread "jar transforms Thread 2" [_thread_blocked, id=8408, stack(0x000000aec9a00000,0x000000aec9b00000)]
  0x0000022b35a4e210 JavaThread "jar transforms Thread 3" [_thread_blocked, id=19416, stack(0x000000aec9b00000,0x000000aec9c00000)]
  0x0000022b40eb0050 JavaThread "jar transforms Thread 4" [_thread_blocked, id=17192, stack(0x000000aec9c00000,0x000000aec9d00000)]
  0x0000022b40ead080 JavaThread "Cache worker for Build Output Cleanup Cache (C:\Users\mathe\AndroidStudioProjects\monitoramento\.gradle\buildOutputCleanup)" [_thread_blocked, id=12244, stack(0x000000aec8b00000,0x000000aec8c00000)]
  0x0000022b40eaf5b0 JavaThread "jar transforms Thread 5" [_thread_blocked, id=4844, stack(0x000000aec9e00000,0x000000aec9f00000)]
  0x0000022b40eadb20 JavaThread "jar transforms Thread 6" [_thread_blocked, id=17968, stack(0x000000aec9f00000,0x000000aeca000000)]
  0x0000022b40eae5c0 JavaThread "Unconstrained build operations" [_thread_blocked, id=19200, stack(0x000000aeca100000,0x000000aeca200000)]
  0x0000022b40eaeb10 JavaThread "Unconstrained build operations Thread 2" [_thread_blocked, id=16772, stack(0x000000aeca200000,0x000000aeca300000)]
  0x0000022b40eafb00 JavaThread "Unconstrained build operations Thread 3" [_thread_blocked, id=16816, stack(0x000000aeca300000,0x000000aeca400000)]
  0x0000022b40eaf060 JavaThread "Unconstrained build operations Thread 4" [_thread_blocked, id=5068, stack(0x000000aeca400000,0x000000aeca500000)]
  0x0000022b32e068b0 JavaThread "Unconstrained build operations Thread 5" [_thread_blocked, id=11448, stack(0x000000aeca500000,0x000000aeca600000)]
  0x0000022b32e05370 JavaThread "Unconstrained build operations Thread 6" [_thread_blocked, id=16756, stack(0x000000aeca600000,0x000000aeca700000)]
  0x0000022b32e058c0 JavaThread "Unconstrained build operations Thread 7" [_thread_blocked, id=18788, stack(0x000000aeca700000,0x000000aeca800000)]
  0x0000022b32e05e10 JavaThread "Unconstrained build operations Thread 8" [_thread_blocked, id=15024, stack(0x000000aeca800000,0x000000aeca900000)]
  0x0000022b32e048d0 JavaThread "Unconstrained build operations Thread 9" [_thread_blocked, id=17344, stack(0x000000aeca900000,0x000000aecaa00000)]
  0x0000022b32e04e20 JavaThread "Unconstrained build operations Thread 10" [_thread_blocked, id=8228, stack(0x000000aecaa00000,0x000000aecab00000)]
  0x0000022b32e06360 JavaThread "Unconstrained build operations Thread 11" [_thread_blocked, id=7924, stack(0x000000aecab00000,0x000000aecac00000)]
  0x0000022b32e04380 JavaThread "jar transforms Thread 7" [_thread_blocked, id=15988, stack(0x000000aecac00000,0x000000aecad00000)]
  0x0000022b36decaa0 JavaThread "jar transforms Thread 8" [_thread_blocked, id=3364, stack(0x000000aecad00000,0x000000aecae00000)]
  0x0000022b38023c30 JavaThread "C2 CompilerThread1" daemon [_thread_blocked, id=6400, stack(0x000000aec7800000,0x000000aec7900000)]
  0x0000022b36df0fb0 JavaThread "Memory manager" [_thread_blocked, id=18648, stack(0x000000aec9d00000,0x000000aec9e00000)]
  0x0000022b36defa70 JavaThread "build event listener" [_thread_blocked, id=4188, stack(0x000000aecaf00000,0x000000aecb000000)]
  0x0000022b38025800 JavaThread "C2 CompilerThread2" daemon [_thread_blocked, id=15120, stack(0x000000aecae00000,0x000000aecaf00000)]

Other Threads:
=>0x0000022b2e54ce20 VMThread "VM Thread" [stack: 0x000000aec6b00000,0x000000aec6c00000] [id=15456]
  0x0000022b0f854410 WatcherThread "VM Periodic Task Thread" [stack: 0x000000aec7700000,0x000000aec7800000] [id=18864]
  0x0000022b0f8b6b10 WorkerThread "GC Thread#0" [stack: 0x000000aec6600000,0x000000aec6700000] [id=4128]
  0x0000022b333b1430 WorkerThread "GC Thread#1" [stack: 0x000000aec7900000,0x000000aec7a00000] [id=11244]
  0x0000022b333b19d0 WorkerThread "GC Thread#2" [stack: 0x000000aec7a00000,0x000000aec7b00000] [id=18500]
  0x0000022b333b1ca0 WorkerThread "GC Thread#3" [stack: 0x000000aec7b00000,0x000000aec7c00000] [id=11720]
  0x0000022b333b1700 WorkerThread "GC Thread#4" [stack: 0x000000aec7c00000,0x000000aec7d00000] [id=18284]
  0x0000022b333b1160 WorkerThread "GC Thread#5" [stack: 0x000000aec7d00000,0x000000aec7e00000] [id=3300]
  0x0000022b34839940 WorkerThread "GC Thread#6" [stack: 0x000000aec8c00000,0x000000aec8d00000] [id=4084]
  0x0000022b34838590 WorkerThread "GC Thread#7" [stack: 0x000000aec8d00000,0x000000aec8e00000] [id=14652]
  0x0000022b3483a750 WorkerThread "GC Thread#8" [stack: 0x000000aec8e00000,0x000000aec8f00000] [id=188]
  0x0000022b348371e0 WorkerThread "GC Thread#9" [stack: 0x000000aec8f00000,0x000000aec9000000] [id=7500]
  0x0000022b0f8c7b10 ConcurrentGCThread "G1 Main Marker" [stack: 0x000000aec6700000,0x000000aec6800000] [id=16532]
  0x0000022b0f8c8be0 WorkerThread "G1 Conc#0" [stack: 0x000000aec6800000,0x000000aec6900000] [id=15544]
  0x0000022b348382c0 WorkerThread "G1 Conc#1" [stack: 0x000000aec9000000,0x000000aec9100000] [id=3360]
  0x0000022b34839670 WorkerThread "G1 Conc#2" [stack: 0x000000aec9100000,0x000000aec9200000] [id=9652]
  0x0000022b2e4842a0 ConcurrentGCThread "G1 Refine#0" [stack: 0x000000aec6900000,0x000000aec6a00000] [id=19348]
  0x0000022b2e484a90 ConcurrentGCThread "G1 Service" [stack: 0x000000aec6a00000,0x000000aec6b00000] [id=19360]

Threads with active compile tasks:
C2 CompilerThread1    22041 14570       4       org.jetbrains.kotlin.resolve.QualifiedExpressionResolver::quickResolveToPackage (338 bytes)

VM state: at safepoint (normal execution)

VM Mutex/Monitor currently owned by a thread:  ([mutex/lock_event])
[0x0000022b0f84ec50] Threads_lock - owner thread: 0x0000022b2e54ce20
[0x0000022b0f84d780] Heap_lock - owner thread: 0x0000022b34601360

Heap address: 0x0000000080000000, size: 2048 MB, Compressed Oops mode: 32-bit

CDS archive(s) mapped at: [0x0000000800000000-0x0000000800c40000-0x0000000800c40000), size 12845056, SharedBaseAddress: 0x0000000800000000, ArchiveRelocationMode: 0.
Compressed class space mapped at: 0x0000000801000000-0x0000000841000000, reserved size: 1073741824
Narrow klass base: 0x0000000800000000, Narrow klass shift: 0, Narrow klass range: 0x100000000

GC Precious Log:
 CardTable entry size: 512
 Card Set container configuration: InlinePtr #cards 5 size 8 Array Of Cards #cards 12 size 40 Howl #buckets 4 coarsen threshold 1843 Howl Bitmap #cards 512 size 80 coarsen threshold 460 Card regions per heap region 1 cards per card region 2048
 CPUs: 12 total, 12 available
 Memory: 16159M
 Large Page Support: Disabled
 NUMA Support: Disabled
 Compressed Oops: Enabled (32-bit)
 Heap Region Size: 1M
 Heap Min Capacity: 8M
 Heap Initial Capacity: 254M
 Heap Max Capacity: 2G
 Pre-touch: Disabled
 Parallel Workers: 10
 Concurrent Workers: 3
 Concurrent Refinement Workers: 10
 Periodic GC: Disabled

Heap:
 garbage-first heap   total 265216K, used 155581K [0x0000000080000000, 0x0000000100000000)
  region size 1024K, 7 young (7168K), 7 survivors (7168K)
 Metaspace       used 134886K, committed 137216K, reserved 1179648K
  class space    used 17124K, committed 18368K, reserved 1048576K

Heap Regions: E=young(eden), S=young(survivor), O=old, HS=humongous(starts), HC=humongous(continues), CS=collection set, F=free, OA=open archive, CA=closed archive, TAMS=top-at-mark-start (previous, next)
|   0|0x0000000080000000, 0x0000000080100000, 0x0000000080100000|100%|HS|  |TAMS 0x0000000080100000, 0x0000000080000000| Complete 
|   1|0x0000000080100000, 0x0000000080200000, 0x0000000080200000|100%|HC|  |TAMS 0x0000000080200000, 0x0000000080100000| Complete 
|   2|0x0000000080200000, 0x0000000080300000, 0x0000000080300000|100%|HC|  |TAMS 0x0000000080300000, 0x0000000080200000| Complete 
|   3|0x0000000080300000, 0x0000000080400000, 0x0000000080400000|100%|HC|  |TAMS 0x0000000080400000, 0x0000000080300000| Complete 
|   4|0x0000000080400000, 0x0000000080500000, 0x0000000080500000|100%| O|  |TAMS 0x0000000080500000, 0x0000000080400000| Untracked 
|   5|0x0000000080500000, 0x0000000080600000, 0x0000000080600000|100%| O|  |TAMS 0x0000000080600000, 0x0000000080500000| Untracked 
|   6|0x0000000080600000, 0x0000000080700000, 0x0000000080700000|100%| O|  |TAMS 0x0000000080700000, 0x0000000080600000| Untracked 
|   7|0x0000000080700000, 0x0000000080800000, 0x0000000080800000|100%| O|  |TAMS 0x0000000080800000, 0x0000000080700000| Untracked 
|   8|0x0000000080800000, 0x0000000080900000, 0x0000000080900000|100%| O|  |TAMS 0x0000000080900000, 0x0000000080800000| Untracked 
|   9|0x0000000080900000, 0x0000000080a00000, 0x0000000080a00000|100%| O|  |TAMS 0x0000000080a00000, 0x0000000080900000| Untracked 
|  10|0x0000000080a00000, 0x0000000080b00000, 0x0000000080b00000|100%| O|  |TAMS 0x0000000080b00000, 0x0000000080a00000| Untracked 
|  11|0x0000000080b00000, 0x0000000080c00000, 0x0000000080c00000|100%| O|  |TAMS 0x0000000080c00000, 0x0000000080b00000| Untracked 
|  12|0x0000000080c00000, 0x0000000080d00000, 0x0000000080d00000|100%| O|  |TAMS 0x0000000080d00000, 0x0000000080c00000| Untracked 
|  13|0x0000000080d00000, 0x0000000080e00000, 0x0000000080e00000|100%| O|  |TAMS 0x0000000080e00000, 0x0000000080d00000| Untracked 
|  14|0x0000000080e00000, 0x0000000080f00000, 0x0000000080f00000|100%| O|  |TAMS 0x0000000080f00000, 0x0000000080e00000| Untracked 
|  15|0x0000000080f00000, 0x0000000081000000, 0x0000000081000000|100%| O|  |TAMS 0x0000000081000000, 0x0000000080f00000| Untracked 
|  16|0x0000000081000000, 0x0000000081100000, 0x0000000081100000|100%| O|  |TAMS 0x0000000081100000, 0x0000000081000000| Untracked 
|  17|0x0000000081100000, 0x0000000081200000, 0x0000000081200000|100%| O|  |TAMS 0x0000000081200000, 0x0000000081100000| Untracked 
|  18|0x0000000081200000, 0x0000000081300000, 0x0000000081300000|100%| O|  |TAMS 0x0000000081300000, 0x0000000081200000| Untracked 
|  19|0x0000000081300000, 0x0000000081400000, 0x0000000081400000|100%| O|  |TAMS 0x0000000081400000, 0x0000000081300000| Untracked 
|  20|0x0000000081400000, 0x0000000081500000, 0x0000000081500000|100%| O|  |TAMS 0x0000000081500000, 0x0000000081400000| Untracked 
|  21|0x0000000081500000, 0x0000000081600000, 0x0000000081600000|100%| O|  |TAMS 0x0000000081600000, 0x0000000081500000| Untracked 
|  22|0x0000000081600000, 0x0000000081700000, 0x0000000081700000|100%| O|  |TAMS 0x0000000081700000, 0x0000000081600000| Untracked 
|  23|0x0000000081700000, 0x0000000081800000, 0x0000000081800000|100%| O|  |TAMS 0x0000000081800000, 0x0000000081700000| Untracked 
|  24|0x0000000081800000, 0x0000000081900000, 0x0000000081900000|100%| O|  |TAMS 0x0000000081900000, 0x0000000081800000| Untracked 
|  25|0x0000000081900000, 0x0000000081a00000, 0x0000000081a00000|100%| O|  |TAMS 0x0000000081a00000, 0x0000000081900000| Untracked 
|  26|0x0000000081a00000, 0x0000000081b00000, 0x0000000081b00000|100%| O|  |TAMS 0x0000000081b00000, 0x0000000081a00000| Untracked 
|  27|0x0000000081b00000, 0x0000000081c00000, 0x0000000081c00000|100%|HS|  |TAMS 0x0000000081c00000, 0x0000000081b00000| Complete 
|  28|0x0000000081c00000, 0x0000000081d00000, 0x0000000081d00000|100%| O|  |TAMS 0x0000000081d00000, 0x0000000081c00000| Untracked 
|  29|0x0000000081d00000, 0x0000000081e00000, 0x0000000081e00000|100%| O|  |TAMS 0x0000000081e00000, 0x0000000081d00000| Untracked 
|  30|0x0000000081e00000, 0x0000000081f00000, 0x0000000081f00000|100%| O|  |TAMS 0x0000000081f00000, 0x0000000081e00000| Untracked 
|  31|0x0000000081f00000, 0x0000000082000000, 0x0000000082000000|100%| O|  |TAMS 0x0000000082000000, 0x0000000081f00000| Untracked 
|  32|0x0000000082000000, 0x0000000082100000, 0x0000000082100000|100%| O|  |TAMS 0x0000000082100000, 0x0000000082000000| Untracked 
|  33|0x0000000082100000, 0x0000000082200000, 0x0000000082200000|100%|HS|  |TAMS 0x0000000082200000, 0x0000000082100000| Complete 
|  34|0x0000000082200000, 0x0000000082300000, 0x0000000082300000|100%|HC|  |TAMS 0x0000000082300000, 0x0000000082200000| Complete 
|  35|0x0000000082300000, 0x0000000082400000, 0x0000000082400000|100%|HC|  |TAMS 0x0000000082400000, 0x0000000082300000| Complete 
|  36|0x0000000082400000, 0x0000000082500000, 0x0000000082500000|100%|HC|  |TAMS 0x0000000082500000, 0x0000000082400000| Complete 
|  37|0x0000000082500000, 0x0000000082600000, 0x0000000082600000|100%|HC|  |TAMS 0x0000000082600000, 0x0000000082500000| Complete 
|  38|0x0000000082600000, 0x0000000082700000, 0x0000000082700000|100%|HC|  |TAMS 0x0000000082700000, 0x0000000082600000| Complete 
|  39|0x0000000082700000, 0x0000000082800000, 0x0000000082800000|100%| O|  |TAMS 0x0000000082800000, 0x0000000082700000| Untracked 
|  40|0x0000000082800000, 0x0000000082900000, 0x0000000082900000|100%| O|  |TAMS 0x0000000082900000, 0x0000000082800000| Untracked 
|  41|0x0000000082900000, 0x0000000082a00000, 0x0000000082a00000|100%| O|  |TAMS 0x0000000082a00000, 0x0000000082900000| Untracked 
|  42|0x0000000082a00000, 0x0000000082b00000, 0x0000000082b00000|100%| O|  |TAMS 0x0000000082b00000, 0x0000000082a00000| Untracked 
|  43|0x0000000082b00000, 0x0000000082c00000, 0x0000000082c00000|100%| O|  |TAMS 0x0000000082c00000, 0x0000000082b00000| Untracked 
|  44|0x0000000082c00000, 0x0000000082d00000, 0x0000000082d00000|100%| O|  |TAMS 0x0000000082d00000, 0x0000000082c00000| Untracked 
|  45|0x0000000082d00000, 0x0000000082e00000, 0x0000000082e00000|100%| O|  |TAMS 0x0000000082e00000, 0x0000000082d00000| Untracked 
|  46|0x0000000082e00000, 0x0000000082f00000, 0x0000000082f00000|100%| O|  |TAMS 0x0000000082f00000, 0x0000000082e00000| Untracked 
|  47|0x0000000082f00000, 0x0000000083000000, 0x0000000083000000|100%| O|  |TAMS 0x0000000083000000, 0x0000000082f00000| Untracked 
|  48|0x0000000083000000, 0x0000000083100000, 0x0000000083100000|100%| O|  |TAMS 0x0000000083100000, 0x0000000083000000| Untracked 
|  49|0x0000000083100000, 0x0000000083200000, 0x0000000083200000|100%| O|  |TAMS 0x0000000083200000, 0x0000000083100000| Untracked 
|  50|0x0000000083200000, 0x0000000083300000, 0x0000000083300000|100%| O|  |TAMS 0x0000000083300000, 0x0000000083200000| Untracked 
|  51|0x0000000083300000, 0x0000000083400000, 0x0000000083400000|100%| O|  |TAMS 0x0000000083400000, 0x0000000083300000| Untracked 
|  52|0x0000000083400000, 0x0000000083500000, 0x0000000083500000|100%| O|  |TAMS 0x0000000083500000, 0x0000000083400000| Untracked 
|  53|0x0000000083500000, 0x0000000083600000, 0x0000000083600000|100%| O|  |TAMS 0x0000000083600000, 0x0000000083500000| Untracked 
|  54|0x0000000083600000, 0x0000000083700000, 0x0000000083700000|100%| O|  |TAMS 0x0000000083700000, 0x0000000083600000| Untracked 
|  55|0x0000000083700000, 0x0000000083800000, 0x0000000083800000|100%| O|  |TAMS 0x0000000083800000, 0x0000000083700000| Untracked 
|  56|0x0000000083800000, 0x0000000083900000, 0x0000000083900000|100%| O|  |TAMS 0x0000000083900000, 0x0000000083800000| Untracked 
|  57|0x0000000083900000, 0x0000000083900000, 0x0000000083a00000|  0%| F|  |TAMS 0x0000000083900000, 0x0000000083900000| Untracked 
|  58|0x0000000083a00000, 0x0000000083b00000, 0x0000000083b00000|100%| O|  |TAMS 0x0000000083b00000, 0x0000000083a00000| Untracked 
|  59|0x0000000083b00000, 0x0000000083b00000, 0x0000000083c00000|  0%| F|  |TAMS 0x0000000083b00000, 0x0000000083b00000| Untracked 
|  60|0x0000000083c00000, 0x0000000083d00000, 0x0000000083d00000|100%| O|  |TAMS 0x0000000083d00000, 0x0000000083c00000| Untracked 
|  61|0x0000000083d00000, 0x0000000083d00000, 0x0000000083e00000|  0%| F|  |TAMS 0x0000000083d00000, 0x0000000083d00000| Untracked 
|  62|0x0000000083e00000, 0x0000000083f00000, 0x0000000083f00000|100%| O|  |TAMS 0x0000000083f00000, 0x0000000083e00000| Untracked 
|  63|0x0000000083f00000, 0x0000000083f00000, 0x0000000084000000|  0%| F|  |TAMS 0x0000000083f00000, 0x0000000083f00000| Untracked 
|  64|0x0000000084000000, 0x0000000084100000, 0x0000000084100000|100%| O|  |TAMS 0x0000000084100000, 0x0000000084000000| Untracked 
|  65|0x0000000084100000, 0x0000000084200000, 0x0000000084200000|100%| O|  |TAMS 0x0000000084200000, 0x0000000084100000| Untracked 
|  66|0x0000000084200000, 0x0000000084200000, 0x0000000084300000|  0%| F|  |TAMS 0x0000000084200000, 0x0000000084200000| Untracked 
|  67|0x0000000084300000, 0x0000000084400000, 0x0000000084400000|100%| O|  |TAMS 0x0000000084400000, 0x0000000084300000| Untracked 
|  68|0x0000000084400000, 0x0000000084500000, 0x0000000084500000|100%| O|  |TAMS 0x0000000084500000, 0x0000000084400000| Untracked 
|  69|0x0000000084500000, 0x0000000084600000, 0x0000000084600000|100%| O|  |TAMS 0x0000000084600000, 0x0000000084500000| Untracked 
|  70|0x0000000084600000, 0x0000000084700000, 0x0000000084700000|100%| O|  |TAMS 0x0000000084700000, 0x0000000084600000| Untracked 
|  71|0x0000000084700000, 0x0000000084800000, 0x0000000084800000|100%| O|  |TAMS 0x0000000084800000, 0x0000000084700000| Untracked 
|  72|0x0000000084800000, 0x0000000084900000, 0x0000000084900000|100%| O|  |TAMS 0x0000000084900000, 0x0000000084800000| Untracked 
|  73|0x0000000084900000, 0x0000000084a00000, 0x0000000084a00000|100%| O|  |TAMS 0x0000000084a00000, 0x0000000084900000| Untracked 
|  74|0x0000000084a00000, 0x0000000084b00000, 0x0000000084b00000|100%|HS|  |TAMS 0x0000000084b00000, 0x0000000084a00000| Complete 
|  75|0x0000000084b00000, 0x0000000084c00000, 0x0000000084c00000|100%|HS|  |TAMS 0x0000000084c00000, 0x0000000084b00000| Complete 
|  76|0x0000000084c00000, 0x0000000084d00000, 0x0000000084d00000|100%| O|  |TAMS 0x0000000084d00000, 0x0000000084c00000| Untracked 
|  77|0x0000000084d00000, 0x0000000084e00000, 0x0000000084e00000|100%| O|  |TAMS 0x0000000084e00000, 0x0000000084d00000| Untracked 
|  78|0x0000000084e00000, 0x0000000084f00000, 0x0000000084f00000|100%| O|  |TAMS 0x0000000084f00000, 0x0000000084e00000| Untracked 
|  79|0x0000000084f00000, 0x0000000085000000, 0x0000000085000000|100%| O|  |TAMS 0x0000000085000000, 0x0000000084f00000| Untracked 
|  80|0x0000000085000000, 0x0000000085100000, 0x0000000085100000|100%| O|  |TAMS 0x0000000085100000, 0x0000000085000000| Untracked 
|  81|0x0000000085100000, 0x0000000085200000, 0x0000000085200000|100%| O|  |TAMS 0x0000000085200000, 0x0000000085100000| Untracked 
|  82|0x0000000085200000, 0x0000000085300000, 0x0000000085300000|100%| O|  |TAMS 0x0000000085300000, 0x0000000085200000| Untracked 
|  83|0x0000000085300000, 0x0000000085400000, 0x0000000085400000|100%| O|  |TAMS 0x0000000085400000, 0x0000000085300000| Untracked 
|  84|0x0000000085400000, 0x0000000085500000, 0x0000000085500000|100%| O|  |TAMS 0x0000000085500000, 0x0000000085400000| Untracked 
|  85|0x0000000085500000, 0x0000000085600000, 0x0000000085600000|100%| O|  |TAMS 0x0000000085600000, 0x0000000085500000| Untracked 
|  86|0x0000000085600000, 0x0000000085700000, 0x0000000085700000|100%| O|  |TAMS 0x0000000085700000, 0x0000000085600000| Untracked 
|  87|0x0000000085700000, 0x0000000085700000, 0x0000000085800000|  0%| F|  |TAMS 0x0000000085700000, 0x0000000085700000| Untracked 
|  88|0x0000000085800000, 0x0000000085900000, 0x0000000085900000|100%| O|  |TAMS 0x0000000085900000, 0x0000000085800000| Untracked 
|  89|0x0000000085900000, 0x0000000085a00000, 0x0000000085a00000|100%| O|  |TAMS 0x0000000085a00000, 0x0000000085900000| Untracked 
|  90|0x0000000085a00000, 0x0000000085b00000, 0x0000000085b00000|100%|HS|  |TAMS 0x0000000085b00000, 0x0000000085a00000| Complete 
|  91|0x0000000085b00000, 0x0000000085c00000, 0x0000000085c00000|100%|HS|  |TAMS 0x0000000085c00000, 0x0000000085b00000| Complete 
|  92|0x0000000085c00000, 0x0000000085d00000, 0x0000000085d00000|100%|HC|  |TAMS 0x0000000085d00000, 0x0000000085c00000| Complete 
|  93|0x0000000085d00000, 0x0000000085e00000, 0x0000000085e00000|100%|HS|  |TAMS 0x0000000085e00000, 0x0000000085d00000| Complete 
|  94|0x0000000085e00000, 0x0000000085f00000, 0x0000000085f00000|100%|HS|  |TAMS 0x0000000085f00000, 0x0000000085e00000| Complete 
|  95|0x0000000085f00000, 0x0000000086000000, 0x0000000086000000|100%|HC|  |TAMS 0x0000000086000000, 0x0000000085f00000| Complete 
|  96|0x0000000086000000, 0x0000000086100000, 0x0000000086100000|100%|HC|  |TAMS 0x0000000086100000, 0x0000000086000000| Complete 
|  97|0x0000000086100000, 0x0000000086200000, 0x0000000086200000|100%|HC|  |TAMS 0x0000000086200000, 0x0000000086100000| Complete 
|  98|0x0000000086200000, 0x0000000086300000, 0x0000000086300000|100%| O|  |TAMS 0x0000000086300000, 0x0000000086200000| Untracked 
|  99|0x0000000086300000, 0x0000000086400000, 0x0000000086400000|100%| O|  |TAMS 0x0000000086400000, 0x0000000086300000| Untracked 
| 100|0x0000000086400000, 0x0000000086500000, 0x0000000086500000|100%| O|  |TAMS 0x0000000086500000, 0x0000000086400000| Untracked 
| 101|0x0000000086500000, 0x0000000086600000, 0x0000000086600000|100%| O|  |TAMS 0x0000000086600000, 0x0000000086500000| Untracked 
| 102|0x0000000086600000, 0x0000000086700000, 0x0000000086700000|100%| O|  |TAMS 0x0000000086700000, 0x0000000086600000| Untracked 
| 103|0x0000000086700000, 0x0000000086700000, 0x0000000086800000|  0%| F|  |TAMS 0x0000000086700000, 0x0000000086700000| Untracked 
| 104|0x0000000086800000, 0x0000000086900000, 0x0000000086900000|100%|HS|  |TAMS 0x0000000086900000, 0x0000000086800000| Complete 
| 105|0x0000000086900000, 0x0000000086a00000, 0x0000000086a00000|100%|HC|  |TAMS 0x0000000086a00000, 0x0000000086900000| Complete 
| 106|0x0000000086a00000, 0x0000000086b00000, 0x0000000086b00000|100%| O|  |TAMS 0x0000000086b00000, 0x0000000086a00000| Untracked 
| 107|0x0000000086b00000, 0x0000000086c00000, 0x0000000086c00000|100%|HS|  |TAMS 0x0000000086c00000, 0x0000000086b00000| Complete 
| 108|0x0000000086c00000, 0x0000000086d00000, 0x0000000086d00000|100%|HS|  |TAMS 0x0000000086d00000, 0x0000000086c00000| Complete 
| 109|0x0000000086d00000, 0x0000000086e00000, 0x0000000086e00000|100%| O|  |TAMS 0x0000000086e00000, 0x0000000086d00000| Untracked 
| 110|0x0000000086e00000, 0x0000000086f00000, 0x0000000086f00000|100%| O|  |TAMS 0x0000000086f00000, 0x0000000086e00000| Untracked 
| 111|0x0000000086f00000, 0x0000000087000000, 0x0000000087000000|100%| O|  |TAMS 0x0000000087000000, 0x0000000086f00000| Untracked 
| 112|0x0000000087000000, 0x0000000087100000, 0x0000000087100000|100%| O|  |TAMS 0x0000000087100000, 0x0000000087000000| Untracked 
| 113|0x0000000087100000, 0x0000000087200000, 0x0000000087200000|100%| O|  |TAMS 0x0000000087200000, 0x0000000087100000| Untracked 
| 114|0x0000000087200000, 0x0000000087300000, 0x0000000087300000|100%| O|  |TAMS 0x0000000087300000, 0x0000000087200000| Untracked 
| 115|0x0000000087300000, 0x0000000087400000, 0x0000000087400000|100%| O|  |TAMS 0x0000000087400000, 0x0000000087300000| Untracked 
| 116|0x0000000087400000, 0x0000000087500000, 0x0000000087500000|100%| O|  |TAMS 0x0000000087500000, 0x0000000087400000| Untracked 
| 117|0x0000000087500000, 0x0000000087500000, 0x0000000087600000|  0%| F|  |TAMS 0x0000000087500000, 0x0000000087500000| Untracked 
| 118|0x0000000087600000, 0x0000000087700000, 0x0000000087700000|100%| O|  |TAMS 0x0000000087600000, 0x0000000087600000| Untracked 
| 119|0x0000000087700000, 0x0000000087700000, 0x0000000087800000|  0%| F|  |TAMS 0x0000000087700000, 0x0000000087700000| Untracked 
| 120|0x0000000087800000, 0x0000000087900000, 0x0000000087900000|100%| O|  |TAMS 0x0000000087900000, 0x0000000087800000| Untracked 
| 121|0x0000000087900000, 0x0000000087a00000, 0x0000000087a00000|100%| O|  |TAMS 0x0000000087a00000, 0x0000000087900000| Untracked 
| 122|0x0000000087a00000, 0x0000000087b00000, 0x0000000087b00000|100%| O|  |TAMS 0x0000000087a00000, 0x0000000087a00000| Untracked 
| 123|0x0000000087b00000, 0x0000000087b00000, 0x0000000087c00000|  0%| F|  |TAMS 0x0000000087b00000, 0x0000000087b00000| Untracked 
| 124|0x0000000087c00000, 0x0000000087c00000, 0x0000000087d00000|  0%| F|  |TAMS 0x0000000087c00000, 0x0000000087c00000| Untracked 
| 125|0x0000000087d00000, 0x0000000087e00000, 0x0000000087e00000|100%| O|  |TAMS 0x0000000087d00000, 0x0000000087d00000| Untracked 
| 126|0x0000000087e00000, 0x0000000087e00000, 0x0000000087f00000|  0%| F|  |TAMS 0x0000000087e00000, 0x0000000087e00000| Untracked 
| 127|0x0000000087f00000, 0x0000000088000000, 0x0000000088000000|100%| O|  |TAMS 0x0000000088000000, 0x0000000087f00000| Untracked 
| 128|0x0000000088000000, 0x0000000088100000, 0x0000000088100000|100%| O|  |TAMS 0x0000000088100000, 0x0000000088000000| Untracked 
| 129|0x0000000088100000, 0x0000000088200000, 0x0000000088200000|100%| O|  |TAMS 0x0000000088200000, 0x0000000088100000| Untracked 
| 130|0x0000000088200000, 0x0000000088300000, 0x0000000088300000|100%| O|  |TAMS 0x0000000088300000, 0x0000000088200000| Untracked 
| 131|0x0000000088300000, 0x0000000088400000, 0x0000000088400000|100%| O|  |TAMS 0x0000000088400000, 0x0000000088300000| Untracked 
| 132|0x0000000088400000, 0x0000000088400000, 0x0000000088500000|  0%| F|  |TAMS 0x0000000088400000, 0x0000000088400000| Untracked 
| 133|0x0000000088500000, 0x0000000088600000, 0x0000000088600000|100%| O|  |TAMS 0x0000000088600000, 0x0000000088500000| Untracked 
| 134|0x0000000088600000, 0x0000000088700000, 0x0000000088700000|100%| O|  |TAMS 0x0000000088700000, 0x0000000088600000| Untracked 
| 135|0x0000000088700000, 0x0000000088800000, 0x0000000088800000|100%| O|  |TAMS 0x0000000088800000, 0x0000000088700000| Untracked 
| 136|0x0000000088800000, 0x0000000088900000, 0x0000000088900000|100%| O|  |TAMS 0x0000000088900000, 0x0000000088800000| Untracked 
| 137|0x0000000088900000, 0x0000000088a00000, 0x0000000088a00000|100%| O|  |TAMS 0x0000000088a00000, 0x0000000088900000| Untracked 
| 138|0x0000000088a00000, 0x0000000088b00000, 0x0000000088b00000|100%|HS|  |TAMS 0x0000000088b00000, 0x0000000088a00000| Complete 
| 139|0x0000000088b00000, 0x0000000088c00000, 0x0000000088c00000|100%| O|  |TAMS 0x0000000088c00000, 0x0000000088b00000| Untracked 
| 140|0x0000000088c00000, 0x0000000088d00000, 0x0000000088d00000|100%|HS|  |TAMS 0x0000000088d00000, 0x0000000088c00000| Complete 
| 141|0x0000000088d00000, 0x0000000088e00000, 0x0000000088e00000|100%|HC|  |TAMS 0x0000000088e00000, 0x0000000088d00000| Complete 
| 142|0x0000000088e00000, 0x0000000088f00000, 0x0000000088f00000|100%|HC|  |TAMS 0x0000000088f00000, 0x0000000088e00000| Complete 
| 143|0x0000000088f00000, 0x0000000089000000, 0x0000000089000000|100%|HC|  |TAMS 0x0000000089000000, 0x0000000088f00000| Complete 
| 144|0x0000000089000000, 0x0000000089100000, 0x0000000089100000|100%| O|  |TAMS 0x0000000089100000, 0x0000000089000000| Untracked 
| 145|0x0000000089100000, 0x0000000089200000, 0x0000000089200000|100%| O|  |TAMS 0x0000000089200000, 0x0000000089100000| Untracked 
| 146|0x0000000089200000, 0x0000000089300000, 0x0000000089300000|100%| O|  |TAMS 0x0000000089300000, 0x0000000089200000| Untracked 
| 147|0x0000000089300000, 0x0000000089400000, 0x0000000089400000|100%| O|  |TAMS 0x0000000089400000, 0x0000000089300000| Untracked 
| 148|0x0000000089400000, 0x0000000089500000, 0x0000000089500000|100%| O|  |TAMS 0x000000008945c000, 0x0000000089400000| Untracked 
| 149|0x0000000089500000, 0x0000000089600000, 0x0000000089600000|100%| O|  |TAMS 0x0000000089500000, 0x0000000089500000| Untracked 
| 150|0x0000000089600000, 0x0000000089700000, 0x0000000089700000|100%| O|  |TAMS 0x0000000089600000, 0x0000000089600000| Untracked 
| 151|0x0000000089700000, 0x0000000089800000, 0x0000000089800000|100%| O|  |TAMS 0x0000000089700000, 0x0000000089700000| Untracked 
| 152|0x0000000089800000, 0x0000000089900000, 0x0000000089900000|100%| O|  |TAMS 0x0000000089800000, 0x0000000089800000| Untracked 
| 153|0x0000000089900000, 0x0000000089a00000, 0x0000000089a00000|100%| O|  |TAMS 0x0000000089900000, 0x0000000089900000| Untracked 
| 154|0x0000000089a00000, 0x0000000089b00000, 0x0000000089b00000|100%| O|  |TAMS 0x0000000089a00000, 0x0000000089a00000| Untracked 
| 155|0x0000000089b00000, 0x0000000089c00000, 0x0000000089c00000|100%| O|  |TAMS 0x0000000089b00000, 0x0000000089b00000| Untracked 
| 156|0x0000000089c00000, 0x0000000089d00000, 0x0000000089d00000|100%| O|  |TAMS 0x0000000089c00000, 0x0000000089c00000| Untracked 
| 157|0x0000000089d00000, 0x0000000089def600, 0x0000000089e00000| 93%| O|  |TAMS 0x0000000089d00000, 0x0000000089d00000| Untracked 
| 158|0x0000000089e00000, 0x0000000089e00000, 0x0000000089f00000|  0%| F|  |TAMS 0x0000000089e00000, 0x0000000089e00000| Untracked 
| 159|0x0000000089f00000, 0x0000000089f00000, 0x000000008a000000|  0%| F|  |TAMS 0x0000000089f00000, 0x0000000089f00000| Untracked 
| 160|0x000000008a000000, 0x000000008a000000, 0x000000008a100000|  0%| F|  |TAMS 0x000000008a000000, 0x000000008a000000| Untracked 
| 161|0x000000008a100000, 0x000000008a100000, 0x000000008a200000|  0%| F|  |TAMS 0x000000008a100000, 0x000000008a100000| Untracked 
| 162|0x000000008a200000, 0x000000008a200000, 0x000000008a300000|  0%| F|  |TAMS 0x000000008a200000, 0x000000008a200000| Untracked 
| 163|0x000000008a300000, 0x000000008a300000, 0x000000008a400000|  0%| F|  |TAMS 0x000000008a300000, 0x000000008a300000| Untracked 
| 164|0x000000008a400000, 0x000000008a400000, 0x000000008a500000|  0%| F|  |TAMS 0x000000008a400000, 0x000000008a400000| Untracked 
| 165|0x000000008a500000, 0x000000008a500000, 0x000000008a600000|  0%| F|  |TAMS 0x000000008a500000, 0x000000008a500000| Untracked 
| 166|0x000000008a600000, 0x000000008a600000, 0x000000008a700000|  0%| F|  |TAMS 0x000000008a600000, 0x000000008a600000| Untracked 
| 167|0x000000008a700000, 0x000000008a700000, 0x000000008a800000|  0%| F|  |TAMS 0x000000008a700000, 0x000000008a700000| Untracked 
| 168|0x000000008a800000, 0x000000008a800000, 0x000000008a900000|  0%| F|  |TAMS 0x000000008a800000, 0x000000008a800000| Untracked 
| 169|0x000000008a900000, 0x000000008a900000, 0x000000008aa00000|  0%| F|  |TAMS 0x000000008a900000, 0x000000008a900000| Untracked 
| 170|0x000000008aa00000, 0x000000008aa00000, 0x000000008ab00000|  0%| F|  |TAMS 0x000000008aa00000, 0x000000008aa00000| Untracked 
| 171|0x000000008ab00000, 0x000000008ab00000, 0x000000008ac00000|  0%| F|  |TAMS 0x000000008ab00000, 0x000000008ab00000| Untracked 
| 172|0x000000008ac00000, 0x000000008ac00000, 0x000000008ad00000|  0%| F|  |TAMS 0x000000008ac00000, 0x000000008ac00000| Untracked 
| 173|0x000000008ad00000, 0x000000008ad00000, 0x000000008ae00000|  0%| F|  |TAMS 0x000000008ad00000, 0x000000008ad00000| Untracked 
| 174|0x000000008ae00000, 0x000000008ae00000, 0x000000008af00000|  0%| F|  |TAMS 0x000000008ae00000, 0x000000008ae00000| Untracked 
| 175|0x000000008af00000, 0x000000008af00000, 0x000000008b000000|  0%| F|  |TAMS 0x000000008af00000, 0x000000008af00000| Untracked 
| 176|0x000000008b000000, 0x000000008b000000, 0x000000008b100000|  0%| F|  |TAMS 0x000000008b000000, 0x000000008b000000| Untracked 
| 177|0x000000008b100000, 0x000000008b100000, 0x000000008b200000|  0%| F|  |TAMS 0x000000008b100000, 0x000000008b100000| Untracked 
| 178|0x000000008b200000, 0x000000008b200000, 0x000000008b300000|  0%| F|  |TAMS 0x000000008b200000, 0x000000008b200000| Untracked 
| 179|0x000000008b300000, 0x000000008b300000, 0x000000008b400000|  0%| F|  |TAMS 0x000000008b300000, 0x000000008b300000| Untracked 
| 180|0x000000008b400000, 0x000000008b400000, 0x000000008b500000|  0%| F|  |TAMS 0x000000008b400000, 0x000000008b400000| Untracked 
| 181|0x000000008b500000, 0x000000008b500000, 0x000000008b600000|  0%| F|  |TAMS 0x000000008b500000, 0x000000008b500000| Untracked 
| 182|0x000000008b600000, 0x000000008b600000, 0x000000008b700000|  0%| F|  |TAMS 0x000000008b600000, 0x000000008b600000| Untracked 
| 183|0x000000008b700000, 0x000000008b700000, 0x000000008b800000|  0%| F|  |TAMS 0x000000008b700000, 0x000000008b700000| Untracked 
| 184|0x000000008b800000, 0x000000008b800000, 0x000000008b900000|  0%| F|  |TAMS 0x000000008b800000, 0x000000008b800000| Untracked 
| 185|0x000000008b900000, 0x000000008b900000, 0x000000008ba00000|  0%| F|  |TAMS 0x000000008b900000, 0x000000008b900000| Untracked 
| 186|0x000000008ba00000, 0x000000008ba00000, 0x000000008bb00000|  0%| F|  |TAMS 0x000000008ba00000, 0x000000008ba00000| Untracked 
| 187|0x000000008bb00000, 0x000000008bb00000, 0x000000008bc00000|  0%| F|  |TAMS 0x000000008bb00000, 0x000000008bb00000| Untracked 
| 188|0x000000008bc00000, 0x000000008bc00000, 0x000000008bd00000|  0%| F|  |TAMS 0x000000008bc00000, 0x000000008bc00000| Untracked 
| 189|0x000000008bd00000, 0x000000008bd00000, 0x000000008be00000|  0%| F|  |TAMS 0x000000008bd00000, 0x000000008bd00000| Untracked 
| 190|0x000000008be00000, 0x000000008be00000, 0x000000008bf00000|  0%| F|  |TAMS 0x000000008be00000, 0x000000008be00000| Untracked 
| 191|0x000000008bf00000, 0x000000008bf00000, 0x000000008c000000|  0%| F|  |TAMS 0x000000008bf00000, 0x000000008bf00000| Untracked 
| 192|0x000000008c000000, 0x000000008c100000, 0x000000008c100000|100%| S|CS|TAMS 0x000000008c000000, 0x000000008c000000| Complete 
| 193|0x000000008c100000, 0x000000008c200000, 0x000000008c200000|100%| S|CS|TAMS 0x000000008c100000, 0x000000008c100000| Complete 
| 194|0x000000008c200000, 0x000000008c300000, 0x000000008c300000|100%| S|CS|TAMS 0x000000008c200000, 0x000000008c200000| Complete 
| 195|0x000000008c300000, 0x000000008c400000, 0x000000008c400000|100%| S|CS|TAMS 0x000000008c300000, 0x000000008c300000| Complete 
| 196|0x000000008c400000, 0x000000008c500000, 0x000000008c500000|100%| S|CS|TAMS 0x000000008c400000, 0x000000008c400000| Complete 
| 197|0x000000008c500000, 0x000000008c600000, 0x000000008c600000|100%| S|CS|TAMS 0x000000008c500000, 0x000000008c500000| Complete 
| 198|0x000000008c600000, 0x000000008c700000, 0x000000008c700000|100%| S|CS|TAMS 0x000000008c600000, 0x000000008c600000| Complete 
| 199|0x000000008c700000, 0x000000008c700000, 0x000000008c800000|  0%| F|  |TAMS 0x000000008c700000, 0x000000008c700000| Untracked 
| 200|0x000000008c800000, 0x000000008c800000, 0x000000008c900000|  0%| F|  |TAMS 0x000000008c800000, 0x000000008c800000| Untracked 
| 201|0x000000008c900000, 0x000000008c900000, 0x000000008ca00000|  0%| F|  |TAMS 0x000000008c900000, 0x000000008c900000| Untracked 
| 202|0x000000008ca00000, 0x000000008ca00000, 0x000000008cb00000|  0%| F|  |TAMS 0x000000008ca00000, 0x000000008ca00000| Untracked 
| 203|0x000000008cb00000, 0x000000008cb00000, 0x000000008cc00000|  0%| F|  |TAMS 0x000000008cb00000, 0x000000008cb00000| Untracked 
| 204|0x000000008cc00000, 0x000000008cc00000, 0x000000008cd00000|  0%| F|  |TAMS 0x000000008cc00000, 0x000000008cc00000| Untracked 
| 205|0x000000008cd00000, 0x000000008cd00000, 0x000000008ce00000|  0%| F|  |TAMS 0x000000008cd00000, 0x000000008cd00000| Untracked 
| 206|0x000000008ce00000, 0x000000008ce00000, 0x000000008cf00000|  0%| F|  |TAMS 0x000000008ce00000, 0x000000008ce00000| Untracked 
| 207|0x000000008cf00000, 0x000000008cf00000, 0x000000008d000000|  0%| F|  |TAMS 0x000000008cf00000, 0x000000008cf00000| Untracked 
| 208|0x000000008d000000, 0x000000008d000000, 0x000000008d100000|  0%| F|  |TAMS 0x000000008d000000, 0x000000008d000000| Untracked 
| 209|0x000000008d100000, 0x000000008d100000, 0x000000008d200000|  0%| F|  |TAMS 0x000000008d100000, 0x000000008d100000| Untracked 
| 210|0x000000008d200000, 0x000000008d200000, 0x000000008d300000|  0%| F|  |TAMS 0x000000008d200000, 0x000000008d200000| Untracked 
| 211|0x000000008d300000, 0x000000008d300000, 0x000000008d400000|  0%| F|  |TAMS 0x000000008d300000, 0x000000008d300000| Untracked 
| 212|0x000000008d400000, 0x000000008d400000, 0x000000008d500000|  0%| F|  |TAMS 0x000000008d400000, 0x000000008d400000| Untracked 
| 213|0x000000008d500000, 0x000000008d500000, 0x000000008d600000|  0%| F|  |TAMS 0x000000008d500000, 0x000000008d500000| Untracked 
| 214|0x000000008d600000, 0x000000008d600000, 0x000000008d700000|  0%| F|  |TAMS 0x000000008d600000, 0x000000008d600000| Untracked 
| 215|0x000000008d700000, 0x000000008d700000, 0x000000008d800000|  0%| F|  |TAMS 0x000000008d700000, 0x000000008d700000| Untracked 
| 216|0x000000008d800000, 0x000000008d800000, 0x000000008d900000|  0%| F|  |TAMS 0x000000008d800000, 0x000000008d800000| Untracked 
| 217|0x000000008d900000, 0x000000008d900000, 0x000000008da00000|  0%| F|  |TAMS 0x000000008d900000, 0x000000008d900000| Untracked 
| 218|0x000000008da00000, 0x000000008da00000, 0x000000008db00000|  0%| F|  |TAMS 0x000000008da00000, 0x000000008da00000| Untracked 
| 219|0x000000008db00000, 0x000000008db00000, 0x000000008dc00000|  0%| F|  |TAMS 0x000000008db00000, 0x000000008db00000| Untracked 
| 220|0x000000008dc00000, 0x000000008dc00000, 0x000000008dd00000|  0%| F|  |TAMS 0x000000008dc00000, 0x000000008dc00000| Untracked 
| 221|0x000000008dd00000, 0x000000008dd00000, 0x000000008de00000|  0%| F|  |TAMS 0x000000008dd00000, 0x000000008dd00000| Untracked 
| 222|0x000000008de00000, 0x000000008de00000, 0x000000008df00000|  0%| F|  |TAMS 0x000000008de00000, 0x000000008de00000| Untracked 
| 223|0x000000008df00000, 0x000000008df00000, 0x000000008e000000|  0%| F|  |TAMS 0x000000008df00000, 0x000000008df00000| Untracked 
| 224|0x000000008e000000, 0x000000008e000000, 0x000000008e100000|  0%| F|  |TAMS 0x000000008e000000, 0x000000008e000000| Untracked 
| 225|0x000000008e100000, 0x000000008e100000, 0x000000008e200000|  0%| F|  |TAMS 0x000000008e100000, 0x000000008e100000| Untracked 
| 226|0x000000008e200000, 0x000000008e200000, 0x000000008e300000|  0%| F|  |TAMS 0x000000008e200000, 0x000000008e200000| Untracked 
| 227|0x000000008e300000, 0x000000008e300000, 0x000000008e400000|  0%| F|  |TAMS 0x000000008e300000, 0x000000008e300000| Untracked 
| 228|0x000000008e400000, 0x000000008e400000, 0x000000008e500000|  0%| F|  |TAMS 0x000000008e400000, 0x000000008e400000| Untracked 
| 229|0x000000008e500000, 0x000000008e500000, 0x000000008e600000|  0%| F|  |TAMS 0x000000008e500000, 0x000000008e500000| Untracked 
| 230|0x000000008e600000, 0x000000008e600000, 0x000000008e700000|  0%| F|  |TAMS 0x000000008e600000, 0x000000008e600000| Untracked 
| 231|0x000000008e700000, 0x000000008e700000, 0x000000008e800000|  0%| F|  |TAMS 0x000000008e700000, 0x000000008e700000| Untracked 
| 232|0x000000008e800000, 0x000000008e800000, 0x000000008e900000|  0%| F|  |TAMS 0x000000008e800000, 0x000000008e800000| Untracked 
| 233|0x000000008e900000, 0x000000008e900000, 0x000000008ea00000|  0%| F|  |TAMS 0x000000008e900000, 0x000000008e900000| Untracked 
| 234|0x000000008ea00000, 0x000000008ea00000, 0x000000008eb00000|  0%| F|  |TAMS 0x000000008ea00000, 0x000000008ea00000| Untracked 
| 235|0x000000008eb00000, 0x000000008eb00000, 0x000000008ec00000|  0%| F|  |TAMS 0x000000008eb00000, 0x000000008eb00000| Untracked 
| 236|0x000000008ec00000, 0x000000008ec00000, 0x000000008ed00000|  0%| F|  |TAMS 0x000000008ec00000, 0x000000008ec00000| Untracked 
| 237|0x000000008ed00000, 0x000000008ed00000, 0x000000008ee00000|  0%| F|  |TAMS 0x000000008ed00000, 0x000000008ed00000| Untracked 
| 238|0x000000008ee00000, 0x000000008ee00000, 0x000000008ef00000|  0%| F|  |TAMS 0x000000008ee00000, 0x000000008ee00000| Untracked 
| 239|0x000000008ef00000, 0x000000008ef00000, 0x000000008f000000|  0%| F|  |TAMS 0x000000008ef00000, 0x000000008ef00000| Untracked 
| 240|0x000000008f000000, 0x000000008f000000, 0x000000008f100000|  0%| F|  |TAMS 0x000000008f000000, 0x000000008f000000| Untracked 
| 241|0x000000008f100000, 0x000000008f100000, 0x000000008f200000|  0%| F|  |TAMS 0x000000008f100000, 0x000000008f100000| Untracked 
| 242|0x000000008f200000, 0x000000008f200000, 0x000000008f300000|  0%| F|  |TAMS 0x000000008f200000, 0x000000008f200000| Untracked 
| 243|0x000000008f300000, 0x000000008f300000, 0x000000008f400000|  0%| F|  |TAMS 0x000000008f300000, 0x000000008f300000| Untracked 
| 244|0x000000008f400000, 0x000000008f400000, 0x000000008f500000|  0%| F|  |TAMS 0x000000008f400000, 0x000000008f400000| Untracked 
| 245|0x000000008f500000, 0x000000008f500000, 0x000000008f600000|  0%| F|  |TAMS 0x000000008f500000, 0x000000008f500000| Untracked 
| 246|0x000000008f600000, 0x000000008f600000, 0x000000008f700000|  0%| F|  |TAMS 0x000000008f600000, 0x000000008f600000| Untracked 
| 247|0x000000008f700000, 0x000000008f700000, 0x000000008f800000|  0%| F|  |TAMS 0x000000008f700000, 0x000000008f700000| Untracked 
| 248|0x000000008f800000, 0x000000008f800000, 0x000000008f900000|  0%| F|  |TAMS 0x000000008f800000, 0x000000008f800000| Untracked 
| 249|0x000000008f900000, 0x000000008f900000, 0x000000008fa00000|  0%| F|  |TAMS 0x000000008f900000, 0x000000008f900000| Untracked 
| 250|0x000000008fa00000, 0x000000008fa00000, 0x000000008fb00000|  0%| F|  |TAMS 0x000000008fa00000, 0x000000008fa00000| Untracked 
| 251|0x000000008fb00000, 0x000000008fb00000, 0x000000008fc00000|  0%| F|  |TAMS 0x000000008fb00000, 0x000000008fb00000| Untracked 
| 252|0x000000008fc00000, 0x000000008fc00000, 0x000000008fd00000|  0%| F|  |TAMS 0x000000008fc00000, 0x000000008fc00000| Untracked 
| 253|0x000000008fd00000, 0x000000008fd00000, 0x000000008fe00000|  0%| F|  |TAMS 0x000000008fd00000, 0x000000008fd00000| Untracked 
| 254|0x000000008fe00000, 0x000000008fe00000, 0x000000008ff00000|  0%| F|  |TAMS 0x000000008fe00000, 0x000000008fe00000| Untracked 
| 255|0x000000008ff00000, 0x000000008ff00000, 0x0000000090000000|  0%| F|  |TAMS 0x000000008ff00000, 0x000000008ff00000| Untracked 
| 256|0x0000000090000000, 0x0000000090000000, 0x0000000090100000|  0%| F|  |TAMS 0x0000000090000000, 0x0000000090000000| Untracked 
| 257|0x0000000090100000, 0x0000000090100000, 0x0000000090200000|  0%| F|  |TAMS 0x0000000090100000, 0x0000000090100000| Untracked 
| 258|0x0000000090200000, 0x0000000090200000, 0x0000000090300000|  0%| F|  |TAMS 0x0000000090200000, 0x0000000090200000| Untracked 

Card table byte_map: [0x0000022b27110000,0x0000022b27510000] _byte_map_base: 0x0000022b26d10000

Marking Bits (Prev, Next): (CMBitMap*) 0x0000022b0f8b7080, (CMBitMap*) 0x0000022b0f8b7040
 Prev Bits: [0x0000022b29910000, 0x0000022b2b910000)
 Next Bits: [0x0000022b27910000, 0x0000022b29910000)

Polling page: 0x0000022b0f010000

Metaspace:

Usage:
  Non-class:    115.00 MB used.
      Class:     16.72 MB used.
       Both:    131.73 MB used.

Virtual space:
  Non-class space:      128.00 MB reserved,     116.06 MB ( 91%) committed,  2 nodes.
      Class space:        1.00 GB reserved,      17.94 MB (  2%) committed,  1 nodes.
             Both:        1.12 GB reserved,     134.00 MB ( 12%) committed. 

Chunk freelists:
   Non-Class:  3.47 MB
       Class:  1.95 MB
        Both:  5.42 MB

MaxMetaspaceSize: unlimited
CompressedClassSpaceSize: 1.00 GB
Initial GC threshold: 21.00 MB
Current GC threshold: 223.12 MB
CDS: on
MetaspaceReclaimPolicy: balanced
 - commit_granule_bytes: 65536.
 - commit_granule_words: 8192.
 - virtual_space_node_default_size: 8388608.
 - enlarge_chunks_in_place: 1.
 - new_chunks_are_fully_committed: 0.
 - uncommit_free_chunks: 1.
 - use_allocation_guard: 0.


Internal statistics:

num_allocs_failed_limit: 12.
num_arena_births: 4290.
num_arena_deaths: 0.
num_vsnodes_births: 3.
num_vsnodes_deaths: 0.
num_space_committed: 2142.
num_space_uncommitted: 0.
num_chunks_returned_to_freelist: 12.
num_chunks_taken_from_freelist: 9774.
num_chunk_merges: 12.
num_chunk_splits: 6889.
num_chunks_enlarged: 4765.
num_inconsistent_stats: 0.

CodeHeap 'non-profiled nmethods': size=120000Kb used=7377Kb max_used=7377Kb free=112622Kb
 bounds [0x0000022b1f280000, 0x0000022b1f9c0000, 0x0000022b267b0000]
CodeHeap 'profiled nmethods': size=120000Kb used=24775Kb max_used=25764Kb free=95224Kb
 bounds [0x0000022b177b0000, 0x0000022b190e0000, 0x0000022b1ece0000]
CodeHeap 'non-nmethods': size=5760Kb used=1972Kb max_used=2074Kb free=3787Kb
 bounds [0x0000022b1ece0000, 0x0000022b1ef50000, 0x0000022b1f280000]
 total_blobs=13312 nmethods=12298 adapters=922
 compilation: enabled
              stopped_count=0, restarted_count=0
 full_count=0

Compilation events (20 events):
Event: 21.827 Thread 0x0000022b38025800 nmethod 14580 0x0000022b1f6ad190 code [0x0000022b1f6ad300, 0x0000022b1f6ad378]
Event: 21.828 Thread 0x0000022b2e592a10 14581       1       org.jetbrains.kotlin.com.intellij.openapi.vfs.local.CoreLocalVirtualFile::getModificationStamp (2 bytes)
Event: 21.828 Thread 0x0000022b2e592a10 nmethod 14581 0x0000022b1f6ace90 code [0x0000022b1f6ad020, 0x0000022b1f6ad0f8]
Event: 21.841 Thread 0x0000022b38025800 14582       4       org.jetbrains.org.objectweb.asm.AnnotationVisitor::<init> (94 bytes)
Event: 21.842 Thread 0x0000022b38025800 nmethod 14582 0x0000022b1f6aca90 code [0x0000022b1f6acc20, 0x0000022b1f6acdb8]
Event: 21.859 Thread 0x0000022b38025800 14583       4       kotlin.collections.CollectionsKt___CollectionsKt$asSequence$$inlined$Sequence$1::iterator (12 bytes)
Event: 21.860 Thread 0x0000022b38025800 nmethod 14583 0x0000022b1f6ac790 code [0x0000022b1f6ac920, 0x0000022b1f6ac9b8]
Event: 21.875 Thread 0x0000022b2e592a10 14584       3       org.jetbrains.kotlin.com.intellij.openapi.vfs.local.CoreLocalVirtualFile::getName (16 bytes)
Event: 21.876 Thread 0x0000022b2e592a10 nmethod 14584 0x0000022b1899ac10 code [0x0000022b1899adc0, 0x0000022b1899af98]
Event: 21.880 Thread 0x0000022b2e592a10 14585       3       java.io.File::length (33 bytes)
Event: 21.881 Thread 0x0000022b2e592a10 nmethod 14585 0x0000022b1899a610 code [0x0000022b1899a7e0, 0x0000022b1899aad8]
Event: 21.881 Thread 0x0000022b2e592a10 14586   !   3       java.io.WinNTFileSystem::getLength (27 bytes)
Event: 21.881 Thread 0x0000022b2e592a10 nmethod 14586 0x0000022b18078590 code [0x0000022b18078760, 0x0000022b18078978]
Event: 21.909 Thread 0x0000022b2e592a10 14588       3       org.jetbrains.kotlin.com.intellij.openapi.vfs.local.CoreLocalVirtualFile::contentsToByteArray (17 bytes)
Event: 21.909 Thread 0x0000022b2e592a10 nmethod 14588 0x0000022b18078010 code [0x0000022b180781c0, 0x0000022b18078378]
Event: 21.909 Thread 0x0000022b2e592a10 14589   !   3       org.jetbrains.kotlin.com.intellij.openapi.util.io.FileUtil::loadFileBytes (130 bytes)
Event: 21.910 Thread 0x0000022b2e592a10 nmethod 14589 0x0000022b189a2f10 code [0x0000022b189a32a0, 0x0000022b189a4408]
Event: 21.946 Thread 0x0000022b38025800 14590       4       org.jetbrains.kotlin.name.ClassId::topLevel (24 bytes)
Event: 21.961 Thread 0x0000022b38025800 nmethod 14590 0x0000022b1f6ab190 code [0x0000022b1f6ab360, 0x0000022b1f6abed8]
Event: 21.963 Thread 0x0000022b2e5902e0 nmethod 14430 0x0000022b1f9aab90 code [0x0000022b1f9ab220, 0x0000022b1f9b3890]

GC Heap History (20 events):
Event: 17.216 GC heap after
{Heap after GC invocations=31 (full 0):
 garbage-first heap   total 220160K, used 122202K [0x0000000080000000, 0x0000000100000000)
  region size 1024K, 7 young (7168K), 7 survivors (7168K)
 Metaspace       used 116803K, committed 118912K, reserved 1179648K
  class space    used 14845K, committed 16000K, reserved 1048576K
}
Event: 17.888 GC heap before
{Heap before GC invocations=31 (full 0):
 garbage-first heap   total 220160K, used 178522K [0x0000000080000000, 0x0000000100000000)
  region size 1024K, 56 young (57344K), 7 survivors (7168K)
 Metaspace       used 118846K, committed 120960K, reserved 1179648K
  class space    used 15085K, committed 16256K, reserved 1048576K
}
Event: 17.894 GC heap after
{Heap after GC invocations=32 (full 0):
 garbage-first heap   total 220160K, used 135488K [0x0000000080000000, 0x0000000100000000)
  region size 1024K, 7 young (7168K), 7 survivors (7168K)
 Metaspace       used 118846K, committed 120960K, reserved 1179648K
  class space    used 15085K, committed 16256K, reserved 1048576K
}
Event: 18.383 GC heap before
{Heap before GC invocations=32 (full 0):
 garbage-first heap   total 220160K, used 175424K [0x0000000080000000, 0x0000000100000000)
  region size 1024K, 46 young (47104K), 7 survivors (7168K)
 Metaspace       used 122503K, committed 124672K, reserved 1179648K
  class space    used 15480K, committed 16640K, reserved 1048576K
}
Event: 18.386 GC heap after
{Heap after GC invocations=33 (full 0):
 garbage-first heap   total 220160K, used 138403K [0x0000000080000000, 0x0000000100000000)
  region size 1024K, 2 young (2048K), 2 survivors (2048K)
 Metaspace       used 122503K, committed 124672K, reserved 1179648K
  class space    used 15480K, committed 16640K, reserved 1048576K
}
Event: 18.923 GC heap before
{Heap before GC invocations=33 (full 0):
 garbage-first heap   total 220160K, used 184483K [0x0000000080000000, 0x0000000100000000)
  region size 1024K, 42 young (43008K), 2 survivors (2048K)
 Metaspace       used 125267K, committed 127488K, reserved 1179648K
  class space    used 15907K, committed 17088K, reserved 1048576K
}
Event: 18.926 GC heap after
{Heap after GC invocations=34 (full 0):
 garbage-first heap   total 220160K, used 143486K [0x0000000080000000, 0x0000000100000000)
  region size 1024K, 6 young (6144K), 6 survivors (6144K)
 Metaspace       used 125267K, committed 127488K, reserved 1179648K
  class space    used 15907K, committed 17088K, reserved 1048576K
}
Event: 19.388 GC heap before
{Heap before GC invocations=34 (full 0):
 garbage-first heap   total 220160K, used 180350K [0x0000000080000000, 0x0000000100000000)
  region size 1024K, 42 young (43008K), 6 survivors (6144K)
 Metaspace       used 127873K, committed 130176K, reserved 1179648K
  class space    used 16243K, committed 17472K, reserved 1048576K
}
Event: 19.393 GC heap after
{Heap after GC invocations=35 (full 0):
 garbage-first heap   total 220160K, used 145718K [0x0000000080000000, 0x0000000100000000)
  region size 1024K, 3 young (3072K), 3 survivors (3072K)
 Metaspace       used 127873K, committed 130176K, reserved 1179648K
  class space    used 16243K, committed 17472K, reserved 1048576K
}
Event: 20.005 GC heap before
{Heap before GC invocations=35 (full 0):
 garbage-first heap   total 220160K, used 187702K [0x0000000080000000, 0x0000000100000000)
  region size 1024K, 40 young (40960K), 3 survivors (3072K)
 Metaspace       used 131359K, committed 133632K, reserved 1179648K
  class space    used 16688K, committed 17920K, reserved 1048576K
}
Event: 20.010 GC heap after
{Heap after GC invocations=36 (full 0):
 garbage-first heap   total 220160K, used 152145K [0x0000000080000000, 0x0000000100000000)
  region size 1024K, 5 young (5120K), 5 survivors (5120K)
 Metaspace       used 131359K, committed 133632K, reserved 1179648K
  class space    used 16688K, committed 17920K, reserved 1048576K
}
Event: 20.460 GC heap before
{Heap before GC invocations=36 (full 0):
 garbage-first heap   total 220160K, used 185937K [0x0000000080000000, 0x0000000100000000)
  region size 1024K, 38 young (38912K), 5 survivors (5120K)
 Metaspace       used 133807K, committed 136128K, reserved 1179648K
  class space    used 17018K, committed 18240K, reserved 1048576K
}
Event: 20.465 GC heap after
{Heap after GC invocations=37 (full 0):
 garbage-first heap   total 220160K, used 154260K [0x0000000080000000, 0x0000000100000000)
  region size 1024K, 3 young (3072K), 3 survivors (3072K)
 Metaspace       used 133807K, committed 136128K, reserved 1179648K
  class space    used 17018K, committed 18240K, reserved 1048576K
}
Event: 21.296 GC heap before
{Heap before GC invocations=37 (full 0):
 garbage-first heap   total 220160K, used 186004K [0x0000000080000000, 0x0000000100000000)
  region size 1024K, 34 young (34816K), 3 survivors (3072K)
 Metaspace       used 134747K, committed 137088K, reserved 1179648K
  class space    used 17123K, committed 18368K, reserved 1048576K
}
Event: 21.301 GC heap after
{Heap after GC invocations=38 (full 0):
 garbage-first heap   total 220160K, used 158210K [0x0000000080000000, 0x0000000100000000)
  region size 1024K, 5 young (5120K), 5 survivors (5120K)
 Metaspace       used 134747K, committed 137088K, reserved 1179648K
  class space    used 17123K, committed 18368K, reserved 1048576K
}
Event: 21.609 GC heap before
{Heap before GC invocations=39 (full 0):
 garbage-first heap   total 265216K, used 183810K [0x0000000080000000, 0x0000000100000000)
  region size 1024K, 33 young (33792K), 5 survivors (5120K)
 Metaspace       used 134792K, committed 137088K, reserved 1179648K
  class space    used 17124K, committed 18368K, reserved 1048576K
}
Event: 21.615 GC heap after
{Heap after GC invocations=40 (full 0):
 garbage-first heap   total 265216K, used 159091K [0x0000000080000000, 0x0000000100000000)
  region size 1024K, 5 young (5120K), 5 survivors (5120K)
 Metaspace       used 134792K, committed 137088K, reserved 1179648K
  class space    used 17124K, committed 18368K, reserved 1048576K
}
Event: 21.651 GC heap before
{Heap before GC invocations=40 (full 0):
 garbage-first heap   total 265216K, used 166259K [0x0000000080000000, 0x0000000100000000)
  region size 1024K, 12 young (12288K), 5 survivors (5120K)
 Metaspace       used 134811K, committed 137152K, reserved 1179648K
  class space    used 17124K, committed 18368K, reserved 1048576K
}
Event: 21.656 GC heap after
{Heap after GC invocations=41 (full 0):
 garbage-first heap   total 265216K, used 150461K [0x0000000080000000, 0x0000000100000000)
  region size 1024K, 2 young (2048K), 2 survivors (2048K)
 Metaspace       used 134811K, committed 137152K, reserved 1179648K
  class space    used 17124K, committed 18368K, reserved 1048576K
}
Event: 21.977 GC heap before
{Heap before GC invocations=41 (full 0):
 garbage-first heap   total 265216K, used 209853K [0x0000000080000000, 0x0000000100000000)
  region size 1024K, 60 young (61440K), 2 survivors (2048K)
 Metaspace       used 134886K, committed 137216K, reserved 1179648K
  class space    used 17124K, committed 18368K, reserved 1048576K
}

Dll operation events (15 events):
Event: 0.013 Loaded shared library C:\Program Files\Java\jdk-19\bin\java.dll
Event: 0.025 Loaded shared library C:\Program Files\Java\jdk-19\bin\jsvml.dll
Event: 0.090 Loaded shared library C:\Program Files\Java\jdk-19\bin\zip.dll
Event: 0.094 Loaded shared library C:\Program Files\Java\jdk-19\bin\instrument.dll
Event: 0.100 Loaded shared library C:\Program Files\Java\jdk-19\bin\net.dll
Event: 0.101 Loaded shared library C:\Program Files\Java\jdk-19\bin\nio.dll
Event: 0.105 Loaded shared library C:\Program Files\Java\jdk-19\bin\zip.dll
Event: 0.302 Loaded shared library C:\Program Files\Java\jdk-19\bin\jimage.dll
Event: 0.377 Loaded shared library C:\Program Files\Java\jdk-19\bin\verify.dll
Event: 0.580 Loaded shared library C:\Users\mathe\.gradle\native\c067742578af261105cb4f569cf0c3c89f3d7b1fecec35dd04571415982c5e48\windows-amd64\native-platform.dll
Event: 0.610 Loaded shared library C:\Users\mathe\.gradle\native\38dada09dfb8b06ba9b0570ebf7e218e3eb74d4ef43ca46872605cf95ebc2f47\windows-amd64\native-platform-file-events.dll
Event: 1.564 Loaded shared library C:\Program Files\Java\jdk-19\bin\management.dll
Event: 1.566 Loaded shared library C:\Program Files\Java\jdk-19\bin\management_ext.dll
Event: 1.801 Loaded shared library C:\Program Files\Java\jdk-19\bin\extnet.dll
Event: 2.041 Loaded shared library C:\Program Files\Java\jdk-19\bin\sunmscapi.dll

Deoptimization events (20 events):
Event: 20.674 Thread 0x0000022b34601360 DEOPT PACKING pc=0x0000022b1f436178 sp=0x000000aec84f8dd0
Event: 20.674 Thread 0x0000022b34601360 DEOPT UNPACKING pc=0x0000022b1ed46da3 sp=0x000000aec84f8da0 mode 2
Event: 20.913 Thread 0x0000022b34603de0 DEOPT PACKING pc=0x0000022b1785dd03 sp=0x000000aec8afe380
Event: 20.913 Thread 0x0000022b34603de0 DEOPT UNPACKING pc=0x0000022b1ed47543 sp=0x000000aec8afd838 mode 0
Event: 20.939 Thread 0x0000022b34603de0 DEOPT PACKING pc=0x0000022b1785dd03 sp=0x000000aec8afe380
Event: 20.939 Thread 0x0000022b34603de0 DEOPT UNPACKING pc=0x0000022b1ed47543 sp=0x000000aec8afd838 mode 0
Event: 20.961 Thread 0x0000022b34603de0 DEOPT PACKING pc=0x0000022b1785dd03 sp=0x000000aec8afe380
Event: 20.961 Thread 0x0000022b34603de0 DEOPT UNPACKING pc=0x0000022b1ed47543 sp=0x000000aec8afd838 mode 0
Event: 21.522 Thread 0x0000022b34601360 Uncommon trap: trap_request=0xffffff45 fr.pc=0x0000022b1f8c1174 relative=0x00000000000002b4
Event: 21.522 Thread 0x0000022b34601360 Uncommon trap: reason=unstable_if action=reinterpret pc=0x0000022b1f8c1174 method=java.lang.ThreadLocal$ThreadLocalMap.cleanSomeSlots(II)Z @ 37 c2
Event: 21.522 Thread 0x0000022b34601360 DEOPT PACKING pc=0x0000022b1f8c1174 sp=0x000000aec84f5dd0
Event: 21.522 Thread 0x0000022b34601360 DEOPT UNPACKING pc=0x0000022b1ed46da3 sp=0x000000aec84f5cf8 mode 2
Event: 21.628 Thread 0x0000022b34601360 Uncommon trap: trap_request=0xffffffde fr.pc=0x0000022b1f59a658 relative=0x0000000000001178
Event: 21.628 Thread 0x0000022b34601360 Uncommon trap: reason=class_check action=maybe_recompile pc=0x0000022b1f59a658 method=org.jetbrains.org.objectweb.asm.ClassReader.readElementValue(Lorg/jetbrains/org/objectweb/asm/AnnotationVisitor;ILjava/lang/String;[C)I @ 536 c2
Event: 21.628 Thread 0x0000022b34601360 DEOPT PACKING pc=0x0000022b1f59a658 sp=0x000000aec84f58f0
Event: 21.628 Thread 0x0000022b34601360 DEOPT UNPACKING pc=0x0000022b1ed46da3 sp=0x000000aec84f5860 mode 2
Event: 21.743 Thread 0x0000022b34601360 Uncommon trap: trap_request=0xffffff6e fr.pc=0x0000022b1f86d974 relative=0x00000000000025d4
Event: 21.743 Thread 0x0000022b34601360 Uncommon trap: reason=loop_limit_check action=maybe_recompile pc=0x0000022b1f86d974 method=org.jetbrains.kotlin.resolve.QualifiedExpressionResolver.recordPackageViews(Ljava/util/List;Lorg/jetbrains/kotlin/descriptors/PackageViewDescriptor;Lorg/jetbrains/k
Event: 21.743 Thread 0x0000022b34601360 DEOPT PACKING pc=0x0000022b1f86d974 sp=0x000000aec84f3630
Event: 21.744 Thread 0x0000022b34601360 DEOPT UNPACKING pc=0x0000022b1ed46da3 sp=0x000000aec84f3528 mode 2

Classes loaded (20 events):
Event: 19.859 Loading class java/time/format/DateTimeFormatterBuilder$WeekBasedFieldPrinterParser
Event: 19.860 Loading class java/time/format/DateTimeFormatterBuilder$WeekBasedFieldPrinterParser done
Event: 19.883 Loading class com/sun/jmx/mbeanserver/StandardMBeanSupport
Event: 19.883 Loading class com/sun/jmx/mbeanserver/StandardMBeanSupport done
Event: 19.883 Loading class com/sun/jmx/mbeanserver/StandardMBeanIntrospector
Event: 19.884 Loading class com/sun/jmx/mbeanserver/StandardMBeanIntrospector done
Event: 20.014 Loading class sun/reflect/misc/MethodUtil
Event: 20.014 Loading class sun/reflect/misc/MethodUtil done
Event: 20.014 Loading class sun/reflect/misc/MethodUtil$1
Event: 20.014 Loading class sun/reflect/misc/MethodUtil$1 done
Event: 20.529 Loading class com/sun/beans/finder/MethodFinder
Event: 20.529 Loading class com/sun/beans/finder/AbstractFinder
Event: 20.530 Loading class com/sun/beans/finder/AbstractFinder done
Event: 20.530 Loading class com/sun/beans/finder/MethodFinder done
Event: 20.530 Loading class com/sun/beans/finder/MethodFinder$1
Event: 20.530 Loading class com/sun/beans/finder/MethodFinder$1 done
Event: 20.530 Loading class com/sun/beans/finder/FinderUtils
Event: 20.530 Loading class com/sun/beans/finder/FinderUtils done
Event: 20.576 Loading class java/util/regex/Pattern$Pos
Event: 20.576 Loading class java/util/regex/Pattern$Pos done

Classes unloaded (0 events):
No events

Classes redefined (0 events):
No events

Internal exceptions (20 events):
Event: 20.014 Thread 0x0000022b34601360 Implicit null exception at 0x0000022b1f50ca60 to 0x0000022b1f50cad0
Event: 20.016 Thread 0x0000022b34601360 Exception <a 'java/lang/NoSuchMethodError'{0x000000008fd64380}: 'long java.lang.invoke.DelegatingMethodHandle$Holder.reinvoke_L(java.lang.Object, java.lang.Object)'> (0x000000008fd64380) 
thrown [s\open\src\hotspot\share\interpreter\linkResolver.cpp, line 774]
Event: 20.524 Thread 0x0000022b34601360 Exception <a 'java/lang/ClassNotFoundException'{0x000000008d3bd170}: groovy/lang/Closure$1BeanInfo> (0x000000008d3bd170) 
thrown [s\open\src\hotspot\share\classfile\systemDictionary.cpp, line 255]
Event: 20.525 Thread 0x0000022b34601360 Exception <a 'java/lang/ClassNotFoundException'{0x000000008d3d08b0}: groovy/lang/ClosureBeanInfo> (0x000000008d3d08b0) 
thrown [s\open\src\hotspot\share\classfile\systemDictionary.cpp, line 255]
Event: 20.526 Thread 0x0000022b34601360 Exception <a 'java/lang/ClassNotFoundException'{0x000000008d3e3fc8}: groovy/lang/ClosureCustomizer> (0x000000008d3e3fc8) 
thrown [s\open\src\hotspot\share\classfile\systemDictionary.cpp, line 255]
Event: 20.529 Thread 0x0000022b34601360 Exception <a 'java/lang/ClassNotFoundException'{0x000000008d21a9c0}: groovy/lang/Closure$1Customizer> (0x000000008d21a9c0) 
thrown [s\open\src\hotspot\share\classfile\systemDictionary.cpp, line 255]
Event: 20.539 Thread 0x0000022b34601360 Exception <a 'java/lang/ClassNotFoundException'{0x000000008d28e1b8}: org/jetbrains/kotlin/gradle/targets/js/npm/DefaultNpmDependencyExtensionBeanInfo> (0x000000008d28e1b8) 
thrown [s\open\src\hotspot\share\classfile\systemDictionary.cpp, line 255]
Event: 20.540 Thread 0x0000022b34601360 Exception <a 'java/lang/ClassNotFoundException'{0x000000008d29c5f8}: org/jetbrains/kotlin/gradle/targets/js/npm/DefaultNpmDependencyExtensionCustomizer> (0x000000008d29c5f8) 
thrown [s\open\src\hotspot\share\classfile\systemDictionary.cpp, line 255]
Event: 20.547 Thread 0x0000022b34601360 Exception <a 'java/lang/ClassNotFoundException'{0x000000008d136bf0}: org/jetbrains/kotlin/gradle/targets/js/npm/NpmDependencyExtensionKt$defaultNpmDependencyDelegate$1BeanInfo> (0x000000008d136bf0) 
thrown [s\open\src\hotspot\share\classfile\systemDictionary.cpp, line 255]
Event: 20.548 Thread 0x0000022b34601360 Exception <a 'java/lang/ClassNotFoundException'{0x000000008d145070}: org/jetbrains/kotlin/gradle/targets/js/npm/NpmDependencyExtensionDelegateBeanInfo> (0x000000008d145070) 
thrown [s\open\src\hotspot\share\classfile\systemDictionary.cpp, line 255]
Event: 20.548 Thread 0x0000022b34601360 Exception <a 'java/lang/ClassNotFoundException'{0x000000008d1534f0}: org/jetbrains/kotlin/gradle/targets/js/npm/NpmDependencyExtensionDelegateCustomizer> (0x000000008d1534f0) 
thrown [s\open\src\hotspot\share\classfile\systemDictionary.cpp, line 255]
Event: 20.552 Thread 0x0000022b34601360 Exception <a 'java/lang/ClassNotFoundException'{0x000000008d1844c0}: org/jetbrains/kotlin/gradle/targets/js/npm/NpmDependencyExtensionKt$defaultNpmDependencyDelegate$1Customizer> (0x000000008d1844c0) 
thrown [s\open\src\hotspot\share\classfile\systemDictionary.cpp, line 255]
Event: 20.557 Thread 0x0000022b34601360 Exception <a 'java/lang/ClassNotFoundException'{0x000000008d1c9248}: org/jetbrains/kotlin/gradle/targets/js/npm/DefaultDevNpmDependencyExtensionBeanInfo> (0x000000008d1c9248) 
thrown [s\open\src\hotspot\share\classfile\systemDictionary.cpp, line 255]
Event: 20.558 Thread 0x0000022b34601360 Exception <a 'java/lang/ClassNotFoundException'{0x000000008d1d76f0}: org/jetbrains/kotlin/gradle/targets/js/npm/DefaultDevNpmDependencyExtensionCustomizer> (0x000000008d1d76f0) 
thrown [s\open\src\hotspot\share\classfile\systemDictionary.cpp, line 255]
Event: 20.561 Thread 0x0000022b34601360 Exception <a 'java/lang/ClassNotFoundException'{0x000000008d025408}: org/jetbrains/kotlin/gradle/targets/js/npm/DefaultPeerNpmDependencyExtensionBeanInfo> (0x000000008d025408) 
thrown [s\open\src\hotspot\share\classfile\systemDictionary.cpp, line 255]
Event: 20.561 Thread 0x0000022b34601360 Exception <a 'java/lang/ClassNotFoundException'{0x000000008d0338d8}: org/jetbrains/kotlin/gradle/targets/js/npm/DefaultPeerNpmDependencyExtensionCustomizer> (0x000000008d0338d8) 
thrown [s\open\src\hotspot\share\classfile\systemDictionary.cpp, line 255]
Event: 20.564 Thread 0x0000022b34601360 Exception <a 'java/lang/ClassNotFoundException'{0x000000008d08ec50}: org/jetbrains/kotlin/gradle/targets/js/npm/DefaultPeerNpmDependencyExtension$delegate$1BeanInfo> (0x000000008d08ec50) 
thrown [s\open\src\hotspot\share\classfile\systemDictionary.cpp, line 255]
Event: 20.564 Thread 0x0000022b34601360 Exception <a 'java/lang/ClassNotFoundException'{0x000000008d09d3a0}: org/jetbrains/kotlin/gradle/targets/js/npm/DefaultPeerNpmDependencyExtension$delegate$1Customizer> (0x000000008d09d3a0) 
thrown [s\open\src\hotspot\share\classfile\systemDictionary.cpp, line 255]
Event: 21.519 Thread 0x0000022b34601360 Exception <a 'sun/nio/fs/WindowsException'{0x000000008fb1ab88}> (0x000000008fb1ab88) 
thrown [s\open\src\hotspot\share\prims\jni.cpp, line 517]
Event: 21.519 Thread 0x0000022b34601360 Exception <a 'sun/nio/fs/WindowsException'{0x000000008fb1c698}> (0x000000008fb1c698) 
thrown [s\open\src\hotspot\share\prims\jni.cpp, line 517]

VM Operations (20 events):
Event: 20.282 Executing VM operation: HandshakeAllThreads done
Event: 20.335 Executing VM operation: HandshakeAllThreads
Event: 20.335 Executing VM operation: HandshakeAllThreads done
Event: 20.373 Executing VM operation: ICBufferFull
Event: 20.373 Executing VM operation: ICBufferFull done
Event: 20.380 Executing VM operation: HandshakeAllThreads
Event: 20.380 Executing VM operation: HandshakeAllThreads done
Event: 20.460 Executing VM operation: G1CollectForAllocation
Event: 20.465 Executing VM operation: G1CollectForAllocation done
Event: 21.296 Executing VM operation: G1CollectForAllocation
Event: 21.301 Executing VM operation: G1CollectForAllocation done
Event: 21.365 Executing VM operation: G1PauseRemark
Event: 21.377 Executing VM operation: G1PauseRemark done
Event: 21.425 Executing VM operation: G1PauseCleanup
Event: 21.425 Executing VM operation: G1PauseCleanup done
Event: 21.609 Executing VM operation: G1CollectForAllocation
Event: 21.615 Executing VM operation: G1CollectForAllocation done
Event: 21.651 Executing VM operation: G1CollectForAllocation
Event: 21.656 Executing VM operation: G1CollectForAllocation done
Event: 21.977 Executing VM operation: G1CollectForAllocation

Events (20 events):
Event: 20.397 Thread 0x0000022b2e56db90 flushing nmethod 0x0000022b18f62990
Event: 20.397 Thread 0x0000022b2e56db90 flushing nmethod 0x0000022b18f6d890
Event: 20.398 Thread 0x0000022b2e56db90 flushing nmethod 0x0000022b19030a90
Event: 20.398 Thread 0x0000022b2e56db90 flushing nmethod 0x0000022b19031290
Event: 20.398 Thread 0x0000022b2e56db90 flushing nmethod 0x0000022b19031710
Event: 20.398 Thread 0x0000022b2e56db90 flushing nmethod 0x0000022b19034290
Event: 20.398 Thread 0x0000022b2e56db90 flushing nmethod 0x0000022b19038c90
Event: 20.398 Thread 0x0000022b2e56db90 flushing nmethod 0x0000022b1903a710
Event: 20.398 Thread 0x0000022b2e56db90 flushing nmethod 0x0000022b1903b290
Event: 20.398 Thread 0x0000022b2e56db90 flushing nmethod 0x0000022b1904bf90
Event: 20.398 Thread 0x0000022b2e56db90 flushing nmethod 0x0000022b1904c790
Event: 20.398 Thread 0x0000022b2e56db90 flushing nmethod 0x0000022b19096210
Event: 20.398 Thread 0x0000022b2e56db90 flushing nmethod 0x0000022b19096e90
Event: 20.398 Thread 0x0000022b2e56db90 flushing nmethod 0x0000022b19097190
Event: 20.398 Thread 0x0000022b2e56db90 flushing nmethod 0x0000022b1909b890
Event: 20.398 Thread 0x0000022b2e56db90 flushing nmethod 0x0000022b190a4990
Event: 20.398 Thread 0x0000022b2e56db90 flushing nmethod 0x0000022b190a4d10
Event: 20.398 Thread 0x0000022b2e56db90 flushing nmethod 0x0000022b190a8990
Event: 20.398 Thread 0x0000022b2e56db90 flushing nmethod 0x0000022b190a9410
Event: 20.418 Thread 0x0000022b38025800 Thread added: 0x0000022b38025800


Dynamic libraries:
0x00007ff627920000 - 0x00007ff627930000 	C:\Program Files\Java\jdk-19\bin\java.exe
0x00007ffc78ff0000 - 0x00007ffc79207000 	C:\WINDOWS\SYSTEM32\ntdll.dll
0x00007ffc774e0000 - 0x00007ffc775a4000 	C:\WINDOWS\System32\KERNEL32.DLL
0x00007ffc76810000 - 0x00007ffc76bb7000 	C:\WINDOWS\System32\KERNELBASE.dll
0x00007ffc766c0000 - 0x00007ffc767d1000 	C:\WINDOWS\System32\ucrtbase.dll
0x00007ffc5fdb0000 - 0x00007ffc5fdc8000 	C:\Program Files\Java\jdk-19\bin\jli.dll
0x00007ffc5f600000 - 0x00007ffc5f61b000 	C:\Program Files\Java\jdk-19\bin\VCRUNTIME140.dll
0x00007ffc78180000 - 0x00007ffc78232000 	C:\WINDOWS\System32\ADVAPI32.dll
0x00007ffc779d0000 - 0x00007ffc77a77000 	C:\WINDOWS\System32\msvcrt.dll
0x00007ffc78e20000 - 0x00007ffc78ec8000 	C:\WINDOWS\System32\sechost.dll
0x00007ffc76690000 - 0x00007ffc766b8000 	C:\WINDOWS\System32\bcrypt.dll
0x00007ffc77cc0000 - 0x00007ffc77dd5000 	C:\WINDOWS\System32\RPCRT4.dll
0x00007ffc771a0000 - 0x00007ffc7734e000 	C:\WINDOWS\System32\USER32.dll
0x00007ffc569b0000 - 0x00007ffc56c43000 	C:\WINDOWS\WinSxS\amd64_microsoft.windows.common-controls_6595b64144ccf1df_6.0.22621.3527_none_270e469b73872a76\COMCTL32.dll
0x00007ffc767e0000 - 0x00007ffc76806000 	C:\WINDOWS\System32\win32u.dll
0x00007ffc78f80000 - 0x00007ffc78fa9000 	C:\WINDOWS\System32\GDI32.dll
0x00007ffc76380000 - 0x00007ffc76499000 	C:\WINDOWS\System32\gdi32full.dll
0x00007ffc76c80000 - 0x00007ffc76d1a000 	C:\WINDOWS\System32\msvcp_win.dll
0x00007ffc6bce0000 - 0x00007ffc6bcea000 	C:\WINDOWS\SYSTEM32\VERSION.dll
0x00007ffc77810000 - 0x00007ffc77841000 	C:\WINDOWS\System32\IMM32.DLL
0x00007ffc5f590000 - 0x00007ffc5f59c000 	C:\Program Files\Java\jdk-19\bin\vcruntime140_1.dll
0x00007ffbf8ca0000 - 0x00007ffbf8d2e000 	C:\Program Files\Java\jdk-19\bin\msvcp140.dll
0x00007ffbe6d50000 - 0x00007ffbe7a10000 	C:\Program Files\Java\jdk-19\bin\server\jvm.dll
0x00007ffc6deb0000 - 0x00007ffc6deb9000 	C:\WINDOWS\SYSTEM32\WSOCK32.dll
0x00007ffc6b700000 - 0x00007ffc6b734000 	C:\WINDOWS\SYSTEM32\WINMM.dll
0x00007ffc78f00000 - 0x00007ffc78f71000 	C:\WINDOWS\System32\WS2_32.dll
0x00007ffc75310000 - 0x00007ffc75328000 	C:\WINDOWS\SYSTEM32\kernel.appcore.dll
0x00007ffc5f0d0000 - 0x00007ffc5f0da000 	C:\Program Files\Java\jdk-19\bin\jimage.dll
0x00007ffc73be0000 - 0x00007ffc73e12000 	C:\WINDOWS\SYSTEM32\DBGHELP.DLL
0x00007ffc77de0000 - 0x00007ffc78168000 	C:\WINDOWS\System32\combase.dll
0x00007ffc77400000 - 0x00007ffc774d7000 	C:\WINDOWS\System32\OLEAUT32.dll
0x00007ffc680f0000 - 0x00007ffc68122000 	C:\WINDOWS\SYSTEM32\dbgcore.DLL
0x00007ffc764a0000 - 0x00007ffc76519000 	C:\WINDOWS\System32\bcryptPrimitives.dll
0x00007ffc46ca0000 - 0x00007ffc46cae000 	C:\Program Files\Java\jdk-19\bin\instrument.dll
0x00007ffc5f0a0000 - 0x00007ffc5f0c6000 	C:\Program Files\Java\jdk-19\bin\java.dll
0x00007ffbf8b00000 - 0x00007ffbf8bd7000 	C:\Program Files\Java\jdk-19\bin\jsvml.dll
0x00007ffc78550000 - 0x00007ffc78dac000 	C:\WINDOWS\System32\SHELL32.dll
0x00007ffc74230000 - 0x00007ffc74b26000 	C:\WINDOWS\SYSTEM32\windows.storage.dll
0x00007ffc740f0000 - 0x00007ffc7422e000 	C:\WINDOWS\SYSTEM32\wintypes.dll
0x00007ffc77850000 - 0x00007ffc77945000 	C:\WINDOWS\System32\SHCORE.dll
0x00007ffc78490000 - 0x00007ffc784ee000 	C:\WINDOWS\System32\shlwapi.dll
0x00007ffc76240000 - 0x00007ffc76261000 	C:\WINDOWS\SYSTEM32\profapi.dll
0x00007ffc5ed70000 - 0x00007ffc5ed88000 	C:\Program Files\Java\jdk-19\bin\zip.dll
0x00007ffc5ee80000 - 0x00007ffc5ee93000 	C:\Program Files\Java\jdk-19\bin\net.dll
0x00007ffc6d270000 - 0x00007ffc6d3a6000 	C:\WINDOWS\SYSTEM32\WINHTTP.dll
0x00007ffc75780000 - 0x00007ffc757e9000 	C:\WINDOWS\system32\mswsock.dll
0x00007ffc5ee60000 - 0x00007ffc5ee76000 	C:\Program Files\Java\jdk-19\bin\nio.dll
0x00007ffc5ee50000 - 0x00007ffc5ee60000 	C:\Program Files\Java\jdk-19\bin\verify.dll
0x00007ffc4c160000 - 0x00007ffc4c187000 	C:\Users\mathe\.gradle\native\c067742578af261105cb4f569cf0c3c89f3d7b1fecec35dd04571415982c5e48\windows-amd64\native-platform.dll
0x00007ffbf0af0000 - 0x00007ffbf0c34000 	C:\Users\mathe\.gradle\native\38dada09dfb8b06ba9b0570ebf7e218e3eb74d4ef43ca46872605cf95ebc2f47\windows-amd64\native-platform-file-events.dll
0x00007ffc4f6a0000 - 0x00007ffc4f6aa000 	C:\Program Files\Java\jdk-19\bin\management.dll
0x00007ffc4e480000 - 0x00007ffc4e48b000 	C:\Program Files\Java\jdk-19\bin\management_ext.dll
0x00007ffc78170000 - 0x00007ffc78178000 	C:\WINDOWS\System32\PSAPI.DLL
0x00007ffc759f0000 - 0x00007ffc75a0b000 	C:\WINDOWS\SYSTEM32\CRYPTSP.dll
0x00007ffc75270000 - 0x00007ffc752a5000 	C:\WINDOWS\system32\rsaenh.dll
0x00007ffc75880000 - 0x00007ffc758a8000 	C:\WINDOWS\SYSTEM32\USERENV.dll
0x00007ffc759e0000 - 0x00007ffc759ec000 	C:\WINDOWS\SYSTEM32\CRYPTBASE.dll
0x00007ffc74d90000 - 0x00007ffc74dbd000 	C:\WINDOWS\SYSTEM32\IPHLPAPI.DLL
0x00007ffc779c0000 - 0x00007ffc779c9000 	C:\WINDOWS\System32\NSI.dll
0x00007ffc6cfa0000 - 0x00007ffc6cfb9000 	C:\WINDOWS\SYSTEM32\dhcpcsvc6.DLL
0x00007ffc6cf40000 - 0x00007ffc6cf5f000 	C:\WINDOWS\SYSTEM32\dhcpcsvc.DLL
0x00007ffc74dc0000 - 0x00007ffc74eb8000 	C:\WINDOWS\SYSTEM32\DNSAPI.dll
0x00007ffc46cb0000 - 0x00007ffc46cb8000 	C:\Program Files\Java\jdk-19\bin\extnet.dll
0x00007ffc46c90000 - 0x00007ffc46c9e000 	C:\Program Files\Java\jdk-19\bin\sunmscapi.dll
0x00007ffc76520000 - 0x00007ffc76688000 	C:\WINDOWS\System32\CRYPT32.dll
0x00007ffc75b60000 - 0x00007ffc75b8e000 	C:\WINDOWS\SYSTEM32\ncrypt.dll
0x00007ffc75b20000 - 0x00007ffc75b57000 	C:\WINDOWS\SYSTEM32\NTASN1.dll
0x00007ffc5c2d0000 - 0x00007ffc5c2d8000 	C:\WINDOWS\system32\wshunix.dll
0x00007ffc6b760000 - 0x00007ffc6b76a000 	C:\Windows\System32\rasadhlp.dll
0x00007ffc6c110000 - 0x00007ffc6c193000 	C:\WINDOWS\System32\fwpuclnt.dll

dbghelp: loaded successfully - version: 4.0.5 - missing functions: none
symbol engine: initialized successfully - sym options: 0x614 - pdb path: .;C:\Program Files\Java\jdk-19\bin;C:\WINDOWS\SYSTEM32;C:\WINDOWS\WinSxS\amd64_microsoft.windows.common-controls_6595b64144ccf1df_6.0.22621.3527_none_270e469b73872a76;C:\Program Files\Java\jdk-19\bin\server;C:\Users\mathe\.gradle\native\c067742578af261105cb4f569cf0c3c89f3d7b1fecec35dd04571415982c5e48\windows-amd64;C:\Users\mathe\.gradle\native\38dada09dfb8b06ba9b0570ebf7e218e3eb74d4ef43ca46872605cf95ebc2f47\windows-amd64

VM Arguments:
jvm_args: --add-opens=java.base/java.util=ALL-UNNAMED --add-opens=java.base/java.lang=ALL-UNNAMED --add-opens=java.base/java.lang.invoke=ALL-UNNAMED --add-opens=java.prefs/java.util.prefs=ALL-UNNAMED --add-opens=java.base/java.nio.charset=ALL-UNNAMED --add-opens=java.base/java.net=ALL-UNNAMED --add-opens=java.base/java.util.concurrent.atomic=ALL-UNNAMED -Xmx2048m -Dfile.encoding=UTF-8 -Duser.country=BR -Duser.language=pt -Duser.variant -javaagent:C:\Users\mathe\.gradle\wrapper\dists\gradle-8.6-bin\afr5mpiioh2wthjmwnkmdsd5w\gradle-8.6\lib\agents\gradle-instrumentation-agent-8.6.jar 
java_command: org.gradle.launcher.daemon.bootstrap.GradleDaemon 8.6
java_class_path (initial): C:\Users\mathe\.gradle\wrapper\dists\gradle-8.6-bin\afr5mpiioh2wthjmwnkmdsd5w\gradle-8.6\lib\gradle-launcher-8.6.jar
Launcher Type: SUN_STANDARD

[Global flags]
     intx CICompilerCount                          = 4                                         {product} {ergonomic}
     uint ConcGCThreads                            = 3                                         {product} {ergonomic}
     uint G1ConcRefinementThreads                  = 10                                        {product} {ergonomic}
   size_t G1HeapRegionSize                         = 1048576                                   {product} {ergonomic}
    uintx GCDrainStackTargetSize                   = 64                                        {product} {ergonomic}
   size_t InitialHeapSize                          = 266338304                                 {product} {ergonomic}
   size_t MarkStackSize                            = 4194304                                   {product} {ergonomic}
   size_t MaxHeapSize                              = 2147483648                                {product} {command line}
   size_t MaxNewSize                               = 1287651328                                {product} {ergonomic}
   size_t MinHeapDeltaBytes                        = 1048576                                   {product} {ergonomic}
   size_t MinHeapSize                              = 8388608                                   {product} {ergonomic}
    uintx NonNMethodCodeHeapSize                   = 5839372                                {pd product} {ergonomic}
    uintx NonProfiledCodeHeapSize                  = 122909434                              {pd product} {ergonomic}
    uintx ProfiledCodeHeapSize                     = 122909434                              {pd product} {ergonomic}
    uintx ReservedCodeCacheSize                    = 251658240                              {pd product} {ergonomic}
     bool SegmentedCodeCache                       = true                                      {product} {ergonomic}
   size_t SoftMaxHeapSize                          = 2147483648                             {manageable} {ergonomic}
     bool UseCompressedClassPointers               = true                           {product lp64_product} {ergonomic}
     bool UseCompressedOops                        = true                           {product lp64_product} {ergonomic}
     bool UseG1GC                                  = true                                      {product} {ergonomic}
     bool UseLargePagesIndividualAllocation        = false                                  {pd product} {ergonomic}

Logging:
Log output configuration:
 #0: stdout all=warning uptime,level,tags foldmultilines=false
 #1: stderr all=off uptime,level,tags foldmultilines=false

Environment Variables:
CLASSPATH=C:\Users\mathe\AndroidStudioProjects\monitoramento\\gradle\wrapper\gradle-wrapper.jar
PATH=C:\Program Files\Common Files\Oracle\Java\javapath;C:\Program Files (x86)\Common Files\Oracle\Java\javapath;C:\WINDOWS\system32;C:\WINDOWS;C:\WINDOWS\System32\Wbem;C:\WINDOWS\System32\WindowsPowerShell\v1.0\;C:\WINDOWS\System32\OpenSSH\;C:\Program Files\Git\cmd;C:\Program Files\nodejs\;C:\Users\mathe\apache-maven-3.9.4-bin\apache-maven-3.9.4\bin;C:\Program Files\NVIDIA Corporation\NVIDIA NvDLISR;C:\Program Files (x86)\NVIDIA Corporation\PhysX\Common;C:\Users\mathe\AppData\Local\Programs\Python\Python311;C:\Users\mathe\AppData\Local\Programs\Python\Python311\Scripts;C:\sqlite;C:\wamp64\bin\php\php7.4.33;C:\composer;C:\Program Files\MySQL\MySQL Server 8.0;C:\MinGW\bin;C:\Program Files\Microsoft SQL Server\150\Tools\Binn\;C:\Program Files\Microsoft SQL Server\Client SDK\ODBC\170\Tools\Binn\;C:\Program Files\dotnet\;C:\Program Files (x86)\Windows Kits\10\Windows Performance Toolkit\;C:\Program Files\PuTTY\;C:\Program Files\MySQL\MySQL Shell 8.0\bin\;C:\Ruby32-x64\bin;C:\Users\mathe\AppData\Local\Programs\Python\Python311\Scripts\;C:\Users\mathe\AppData\Local\Programs\Python\Python311\;C:\Users\mathe\AppData\Local\Programs\Python\Launcher\;C:\Users\mathe\AppData\Local\Microsoft\WindowsApps;C:\Users\mathe\AppData\Local\Programs\Microsoft VS Code\bin;C:\Users\mathe\AppData\Local\GitHubDesktop\bin;C:\Users\mathe\AppData\Roaming\npm;C:\Program Files\JetBrains\IntelliJ IDEA 2023.2\bin;;C:\Users\mathe\AppData\Roaming\Composer\vendor\bin;C:\Users\mathe\.dotnet\tools
USERNAME=Matheus
OS=Windows_NT
PROCESSOR_IDENTIFIER=Intel64 Family 6 Model 165 Stepping 2, GenuineIntel
TMP=C:\Users\mathe\AppData\Local\Temp
TEMP=C:\Users\mathe\AppData\Local\Temp



---------------  S Y S T E M  ---------------

OS:
 Windows 11 , 64 bit Build 22621 (10.0.22621.3527)
OS uptime: 0 days 10:14 hours

CPU: total 12 (initial active 12) (6 cores per cpu, 2 threads per core) family 6 model 165 stepping 2 microcode 0xf8, cx8, cmov, fxsr, ht, mmx, 3dnowpref, sse, sse2, sse3, ssse3, sse4.1, sse4.2, popcnt, lzcnt, tsc, tscinvbit, avx, avx2, aes, erms, clmul, bmi1, bmi2, adx, fma, vzeroupper, clflush, clflushopt, rdtscp

Memory: 4k page, system-wide physical 16159M (850M free)
TotalPageFile size 21159M (AvailPageFile size 29M)
current process WorkingSet (physical memory assigned to process): 593M, peak: 597M
current process commit charge ("private bytes"): 637M, peak: 689M

vm_info: Java HotSpot(TM) 64-Bit Server VM (19.0.2+7-44) for windows-amd64 JRE (19.0.2+7-44), built on 2022-11-30T18:02:09Z by "mach5one" with MS VC++ 17.1 (VS2022)

END.
